#
# There is insufficient memory for the Java Runtime Environment to continue.
# Native memory allocation (malloc) failed to allocate 32744 bytes for Chunk::new
# Possible reasons:
#   The system is out of physical RAM or swap space
#   The process is running with CompressedOops enabled, and the Java Heap may be blocking the growth of the native heap
# Possible solutions:
#   Reduce memory load on the system
#   Increase physical memory or swap space
#   Check if swap backing store is full
#   Decrease Java heap size (-Xmx/-Xms)
#   Decrease number of Java threads
#   Decrease Java thread stack sizes (-Xss)
#   Set larger code cache with -XX:ReservedCodeCacheSize=
#   JVM is running with Unscaled Compressed Oops mode in which the Java heap is
#     placed in the first 4GB address space. The Java Heap base address is the
#     maximum limit for the native heap growth. Please use -XX:HeapBaseMinAddress
#     to set the Java Heap base and to place the Java Heap above 4GB virtual address.
# This output file may be truncated or incomplete.
#
#  Out of Memory Error (arena.cpp:184), pid=19184, tid=16468
#
# JRE version: Java(TM) SE Runtime Environment (19.0.2+7) (build 19.0.2+7-44)
# Java VM: Java HotSpot(TM) 64-Bit Server VM (19.0.2+7-44, mixed mode, sharing, tiered, compressed oops, compressed class ptrs, g1 gc, windows-amd64)
# No core dump will be written. Minidumps are not enabled by default on client versions of Windows
#

---------------  S U M M A R Y ------------

Command Line: -Dfile.encoding=UTF-8 --module-path=C:\Users\user\Documents\GitHub\CarDealership\build\classes view.Main

Host: Intel(R) Core(TM) i7-4510U CPU @ 2.00GHz, 4 cores, 7G,  Windows 10 , 64 bit Build 19041 (10.0.19041.2546)
Time: Mon May  1 00:59:07 2023 Middle East Daylight Time elapsed time: 1506.230409 seconds (0d 0h 25m 6s)

---------------  T H R E A D  ---------------

Current thread (0x0000018ffa70ab90):  JavaThread "C2 CompilerThread0" daemon [_thread_in_native, id=16468, stack(0x0000004cb6a00000,0x0000004cb6b00000)]


Current CompileTask:
C2:1506230 2612       4       java.util.HashMap::putVal (300 bytes)

Stack: [0x0000004cb6a00000,0x0000004cb6b00000]
Native frames: (J=compiled Java code, j=interpreted, Vv=VM code, C=native code)
V  [jvm.dll+0x6ee21a]
V  [jvm.dll+0x85765e]
V  [jvm.dll+0x85904e]
V  [jvm.dll+0x859703]
V  [jvm.dll+0x28298f]
V  [jvm.dll+0xc9adf]
V  [jvm.dll+0xc9e65]
V  [jvm.dll+0x6f378e]
V  [jvm.dll+0x6f501e]
V  [jvm.dll+0x6f3658]
V  [jvm.dll+0x24c7a1]
V  [jvm.dll+0x24b781]
V  [jvm.dll+0x1d6ce1]
V  [jvm.dll+0x25b25a]
V  [jvm.dll+0x2596e8]
V  [jvm.dll+0x807588]
V  [jvm.dll+0x80125a]
V  [jvm.dll+0x6ecf0b]
C  [ucrtbase.dll+0x21bb2]
C  [KERNEL32.DLL+0x17614]
C  [ntdll.dll+0x526a1]


---------------  P R O C E S S  ---------------

Threads class SMR info:
_java_thread_list=0x0000018f8fcb33e0, length=18, elements={
0x0000018ffa704440, 0x0000018ffa705030, 0x0000018ffa7083a0, 0x0000018ffa708cd0,
0x0000018ffa709600, 0x0000018ffa709f30, 0x0000018ffa70ab90, 0x0000018ffa718a20,
0x0000018ffa723b70, 0x0000018ffa6d8280, 0x0000018ffea7d180, 0x0000018ffec1b7b0,
0x0000018ffec1c100, 0x0000018ffec1ca50, 0x0000018ffecb42d0, 0x0000018feb7896b0,
0x0000018fff514d70, 0x0000018f8fa93ea0
}

Java Threads: ( => current thread )
  0x0000018ffa704440 JavaThread "Reference Handler" daemon [_thread_blocked, id=12792, stack(0x0000004cb6400000,0x0000004cb6500000)]
  0x0000018ffa705030 JavaThread "Finalizer" daemon [_thread_blocked, id=18480, stack(0x0000004cb6500000,0x0000004cb6600000)]
  0x0000018ffa7083a0 JavaThread "Signal Dispatcher" daemon [_thread_blocked, id=15664, stack(0x0000004cb6600000,0x0000004cb6700000)]
  0x0000018ffa708cd0 JavaThread "Attach Listener" daemon [_thread_blocked, id=18976, stack(0x0000004cb6700000,0x0000004cb6800000)]
  0x0000018ffa709600 JavaThread "Service Thread" daemon [_thread_blocked, id=17564, stack(0x0000004cb6800000,0x0000004cb6900000)]
  0x0000018ffa709f30 JavaThread "Monitor Deflation Thread" daemon [_thread_blocked, id=15484, stack(0x0000004cb6900000,0x0000004cb6a00000)]
=>0x0000018ffa70ab90 JavaThread "C2 CompilerThread0" daemon [_thread_in_native, id=16468, stack(0x0000004cb6a00000,0x0000004cb6b00000)]
  0x0000018ffa718a20 JavaThread "C1 CompilerThread0" daemon [_thread_blocked, id=3664, stack(0x0000004cb6b00000,0x0000004cb6c00000)]
  0x0000018ffa723b70 JavaThread "Sweeper thread" daemon [_thread_blocked, id=7760, stack(0x0000004cb6c00000,0x0000004cb6d00000)]
  0x0000018ffa6d8280 JavaThread "Common-Cleaner" daemon [_thread_blocked, id=16168, stack(0x0000004cb6d00000,0x0000004cb6e00000)]
  0x0000018ffea7d180 JavaThread "Notification Thread" daemon [_thread_blocked, id=13764, stack(0x0000004cb6e00000,0x0000004cb6f00000)]
  0x0000018ffec1b7b0 JavaThread "Java2D Disposer" daemon [_thread_blocked, id=17152, stack(0x0000004cb7000000,0x0000004cb7100000)]
  0x0000018ffec1c100 JavaThread "AWT-Shutdown" [_thread_blocked, id=14124, stack(0x0000004cb7100000,0x0000004cb7200000)]
  0x0000018ffec1ca50 JavaThread "AWT-Windows" daemon [_thread_in_native, id=9084, stack(0x0000004cb7200000,0x0000004cb7300000)]
  0x0000018ffecb42d0 JavaThread "AWT-EventQueue-0" [_thread_blocked, id=14640, stack(0x0000004cb7300000,0x0000004cb7400000)]
  0x0000018feb7896b0 JavaThread "DestroyJavaVM" [_thread_blocked, id=3512, stack(0x0000004cb5d00000,0x0000004cb5e00000)]
  0x0000018fff514d70 JavaThread "Abandoned connection cleanup thread" daemon [_thread_blocked, id=18356, stack(0x0000004cb7500000,0x0000004cb7600000)]
  0x0000018f8fa93ea0 JavaThread "TimerQueue" daemon [_thread_blocked, id=996, stack(0x0000004cb7c00000,0x0000004cb7d00000)]

Other Threads:
  0x0000018ffa6e8560 VMThread "VM Thread" [stack: 0x0000004cb6300000,0x0000004cb6400000] [id=3328]
  0x0000018ffeaa29a0 WatcherThread "VM Periodic Task Thread" [stack: 0x0000004cb6f00000,0x0000004cb7000000] [id=19160]
  0x0000018feb7e9010 WorkerThread "GC Thread#0" [stack: 0x0000004cb5e00000,0x0000004cb5f00000] [id=14468]
  0x0000018fff9854c0 WorkerThread "GC Thread#1" [stack: 0x0000004cb7700000,0x0000004cb7800000] [id=15092]
  0x0000018fffa2a1f0 WorkerThread "GC Thread#2" [stack: 0x0000004cb7800000,0x0000004cb7900000] [id=10320]
  0x0000018fffa2a790 WorkerThread "GC Thread#3" [stack: 0x0000004cb7900000,0x0000004cb7a00000] [id=13528]
  0x0000018feb7f9dd0 ConcurrentGCThread "G1 Main Marker" [stack: 0x0000004cb5f00000,0x0000004cb6000000] [id=2276]
  0x0000018feb7fafa0 WorkerThread "G1 Conc#0" [stack: 0x0000004cb6000000,0x0000004cb6100000] [id=1404]
  0x0000018ffa5a20b0 ConcurrentGCThread "G1 Refine#0" [stack: 0x0000004cb6100000,0x0000004cb6200000] [id=1500]
  0x0000018ffa5a2af0 ConcurrentGCThread "G1 Service" [stack: 0x0000004cb6200000,0x0000004cb6300000] [id=17736]

Threads with active compile tasks:
C2 CompilerThread0  1506298 2612       4       java.util.HashMap::putVal (300 bytes)

VM state: not at safepoint (normal execution)

VM Mutex/Monitor currently owned by a thread: None

Heap address: 0x0000000081a00000, size: 2022 MB, Compressed Oops mode: 32-bit

CDS archive(s) mapped at: [0x0000000800000000-0x0000000800c40000-0x0000000800c40000), size 12845056, SharedBaseAddress: 0x0000000800000000, ArchiveRelocationMode: 0.
Compressed class space mapped at: 0x0000000801000000-0x0000000841000000, reserved size: 1073741824
Narrow klass base: 0x0000000800000000, Narrow klass shift: 0, Narrow klass range: 0x100000000

GC Precious Log:
 CardTable entry size: 512
 Card Set container configuration: InlinePtr #cards 5 size 8 Array Of Cards #cards 12 size 40 Howl #buckets 4 coarsen threshold 1843 Howl Bitmap #cards 512 size 80 coarsen threshold 460 Card regions per heap region 1 cards per card region 2048
 CPUs: 4 total, 4 available
 Memory: 8080M
 Large Page Support: Disabled
 NUMA Support: Disabled
 Compressed Oops: Enabled (32-bit)
 Heap Region Size: 1M
 Heap Min Capacity: 8M
 Heap Initial Capacity: 128M
 Heap Max Capacity: 2022M
 Pre-touch: Disabled
 Parallel Workers: 4
 Concurrent Workers: 1
 Concurrent Refinement Workers: 4
 Periodic GC: Disabled

Heap:
 garbage-first heap   total 131072K, used 21350K [0x0000000081a00000, 0x0000000100000000)
  region size 1024K, 11 young (11264K), 2 survivors (2048K)
 Metaspace       used 15049K, committed 15360K, reserved 1114112K
  class space    used 1532K, committed 1664K, reserved 1048576K

Heap Regions: E=young(eden), S=young(survivor), O=old, HS=humongous(starts), HC=humongous(continues), CS=collection set, F=free, OA=open archive, CA=closed archive, TAMS=top-at-mark-start (previous, next)
|   0|0x0000000081a00000, 0x0000000081b00000, 0x0000000081b00000|100%|HS|  |TAMS 0x0000000081a00000, 0x0000000081a00000| Complete 
|   1|0x0000000081b00000, 0x0000000081c00000, 0x0000000081c00000|100%|HC|  |TAMS 0x0000000081b00000, 0x0000000081b00000| Complete 
|   2|0x0000000081c00000, 0x0000000081d00000, 0x0000000081d00000|100%|HS|  |TAMS 0x0000000081c00000, 0x0000000081c00000| Complete 
|   3|0x0000000081d00000, 0x0000000081e00000, 0x0000000081e00000|100%| O|  |TAMS 0x0000000081d00000, 0x0000000081d00000| Untracked 
|   4|0x0000000081e00000, 0x0000000081f00000, 0x0000000081f00000|100%| O|  |TAMS 0x0000000081e00000, 0x0000000081e00000| Untracked 
|   5|0x0000000081f00000, 0x0000000082000000, 0x0000000082000000|100%|HS|  |TAMS 0x0000000081f00000, 0x0000000081f00000| Complete 
|   6|0x0000000082000000, 0x0000000082100000, 0x0000000082100000|100%|HS|  |TAMS 0x0000000082000000, 0x0000000082000000| Complete 
|   7|0x0000000082100000, 0x0000000082200000, 0x0000000082200000|100%|HS|  |TAMS 0x0000000082100000, 0x0000000082100000| Complete 
|   8|0x0000000082200000, 0x0000000082300000, 0x0000000082300000|100%|HC|  |TAMS 0x0000000082200000, 0x0000000082200000| Complete 
|   9|0x0000000082300000, 0x0000000082400000, 0x0000000082400000|100%| O|  |TAMS 0x0000000082300000, 0x0000000082300000| Untracked 
|  10|0x0000000082400000, 0x0000000082500000, 0x0000000082500000|100%| O|  |TAMS 0x0000000082400000, 0x0000000082400000| Untracked 
|  11|0x0000000082500000, 0x0000000082500000, 0x0000000082600000|  0%| F|  |TAMS 0x0000000082500000, 0x0000000082500000| Untracked 
|  12|0x0000000082600000, 0x0000000082600000, 0x0000000082700000|  0%| F|  |TAMS 0x0000000082600000, 0x0000000082600000| Untracked 
|  13|0x0000000082700000, 0x0000000082700000, 0x0000000082800000|  0%| F|  |TAMS 0x0000000082700000, 0x0000000082700000| Untracked 
|  14|0x0000000082800000, 0x0000000082800000, 0x0000000082900000|  0%| F|  |TAMS 0x0000000082800000, 0x0000000082800000| Untracked 
|  15|0x0000000082900000, 0x0000000082900000, 0x0000000082a00000|  0%| F|  |TAMS 0x0000000082900000, 0x0000000082900000| Untracked 
|  16|0x0000000082a00000, 0x0000000082a00000, 0x0000000082b00000|  0%| F|  |TAMS 0x0000000082a00000, 0x0000000082a00000| Untracked 
|  17|0x0000000082b00000, 0x0000000082b00000, 0x0000000082c00000|  0%| F|  |TAMS 0x0000000082b00000, 0x0000000082b00000| Untracked 
|  18|0x0000000082c00000, 0x0000000082c00000, 0x0000000082d00000|  0%| F|  |TAMS 0x0000000082c00000, 0x0000000082c00000| Untracked 
|  19|0x0000000082d00000, 0x0000000082d00000, 0x0000000082e00000|  0%| F|  |TAMS 0x0000000082d00000, 0x0000000082d00000| Untracked 
|  20|0x0000000082e00000, 0x0000000082e00000, 0x0000000082f00000|  0%| F|  |TAMS 0x0000000082e00000, 0x0000000082e00000| Untracked 
|  21|0x0000000082f00000, 0x0000000082f00000, 0x0000000083000000|  0%| F|  |TAMS 0x0000000082f00000, 0x0000000082f00000| Untracked 
|  22|0x0000000083000000, 0x0000000083000000, 0x0000000083100000|  0%| F|  |TAMS 0x0000000083000000, 0x0000000083000000| Untracked 
|  23|0x0000000083100000, 0x0000000083100000, 0x0000000083200000|  0%| F|  |TAMS 0x0000000083100000, 0x0000000083100000| Untracked 
|  24|0x0000000083200000, 0x0000000083200000, 0x0000000083300000|  0%| F|  |TAMS 0x0000000083200000, 0x0000000083200000| Untracked 
|  25|0x0000000083300000, 0x0000000083300000, 0x0000000083400000|  0%| F|  |TAMS 0x0000000083300000, 0x0000000083300000| Untracked 
|  26|0x0000000083400000, 0x0000000083400000, 0x0000000083500000|  0%| F|  |TAMS 0x0000000083400000, 0x0000000083400000| Untracked 
|  27|0x0000000083500000, 0x0000000083500000, 0x0000000083600000|  0%| F|  |TAMS 0x0000000083500000, 0x0000000083500000| Untracked 
|  28|0x0000000083600000, 0x0000000083600000, 0x0000000083700000|  0%| F|  |TAMS 0x0000000083600000, 0x0000000083600000| Untracked 
|  29|0x0000000083700000, 0x0000000083700000, 0x0000000083800000|  0%| F|  |TAMS 0x0000000083700000, 0x0000000083700000| Untracked 
|  30|0x0000000083800000, 0x0000000083800000, 0x0000000083900000|  0%| F|  |TAMS 0x0000000083800000, 0x0000000083800000| Untracked 
|  31|0x0000000083900000, 0x0000000083900000, 0x0000000083a00000|  0%| F|  |TAMS 0x0000000083900000, 0x0000000083900000| Untracked 
|  32|0x0000000083a00000, 0x0000000083a00000, 0x0000000083b00000|  0%| F|  |TAMS 0x0000000083a00000, 0x0000000083a00000| Untracked 
|  33|0x0000000083b00000, 0x0000000083b00000, 0x0000000083c00000|  0%| F|  |TAMS 0x0000000083b00000, 0x0000000083b00000| Untracked 
|  34|0x0000000083c00000, 0x0000000083c00000, 0x0000000083d00000|  0%| F|  |TAMS 0x0000000083c00000, 0x0000000083c00000| Untracked 
|  35|0x0000000083d00000, 0x0000000083d00000, 0x0000000083e00000|  0%| F|  |TAMS 0x0000000083d00000, 0x0000000083d00000| Untracked 
|  36|0x0000000083e00000, 0x0000000083e00000, 0x0000000083f00000|  0%| F|  |TAMS 0x0000000083e00000, 0x0000000083e00000| Untracked 
|  37|0x0000000083f00000, 0x0000000083f00000, 0x0000000084000000|  0%| F|  |TAMS 0x0000000083f00000, 0x0000000083f00000| Untracked 
|  38|0x0000000084000000, 0x0000000084000000, 0x0000000084100000|  0%| F|  |TAMS 0x0000000084000000, 0x0000000084000000| Untracked 
|  39|0x0000000084100000, 0x0000000084100000, 0x0000000084200000|  0%| F|  |TAMS 0x0000000084100000, 0x0000000084100000| Untracked 
|  40|0x0000000084200000, 0x0000000084200000, 0x0000000084300000|  0%| F|  |TAMS 0x0000000084200000, 0x0000000084200000| Untracked 
|  41|0x0000000084300000, 0x0000000084300000, 0x0000000084400000|  0%| F|  |TAMS 0x0000000084300000, 0x0000000084300000| Untracked 
|  42|0x0000000084400000, 0x0000000084400000, 0x0000000084500000|  0%| F|  |TAMS 0x0000000084400000, 0x0000000084400000| Untracked 
|  43|0x0000000084500000, 0x0000000084500000, 0x0000000084600000|  0%| F|  |TAMS 0x0000000084500000, 0x0000000084500000| Untracked 
|  44|0x0000000084600000, 0x0000000084600000, 0x0000000084700000|  0%| F|  |TAMS 0x0000000084600000, 0x0000000084600000| Untracked 
|  45|0x0000000084700000, 0x0000000084700000, 0x0000000084800000|  0%| F|  |TAMS 0x0000000084700000, 0x0000000084700000| Untracked 
|  46|0x0000000084800000, 0x0000000084800000, 0x0000000084900000|  0%| F|  |TAMS 0x0000000084800000, 0x0000000084800000| Untracked 
|  47|0x0000000084900000, 0x0000000084900000, 0x0000000084a00000|  0%| F|  |TAMS 0x0000000084900000, 0x0000000084900000| Untracked 
|  48|0x0000000084a00000, 0x0000000084a00000, 0x0000000084b00000|  0%| F|  |TAMS 0x0000000084a00000, 0x0000000084a00000| Untracked 
|  49|0x0000000084b00000, 0x0000000084b00000, 0x0000000084c00000|  0%| F|  |TAMS 0x0000000084b00000, 0x0000000084b00000| Untracked 
|  50|0x0000000084c00000, 0x0000000084c00000, 0x0000000084d00000|  0%| F|  |TAMS 0x0000000084c00000, 0x0000000084c00000| Untracked 
|  51|0x0000000084d00000, 0x0000000084d00000, 0x0000000084e00000|  0%| F|  |TAMS 0x0000000084d00000, 0x0000000084d00000| Untracked 
|  52|0x0000000084e00000, 0x0000000084e00000, 0x0000000084f00000|  0%| F|  |TAMS 0x0000000084e00000, 0x0000000084e00000| Untracked 
|  53|0x0000000084f00000, 0x0000000084f00000, 0x0000000085000000|  0%| F|  |TAMS 0x0000000084f00000, 0x0000000084f00000| Untracked 
|  54|0x0000000085000000, 0x0000000085000000, 0x0000000085100000|  0%| F|  |TAMS 0x0000000085000000, 0x0000000085000000| Untracked 
|  55|0x0000000085100000, 0x0000000085100000, 0x0000000085200000|  0%| F|  |TAMS 0x0000000085100000, 0x0000000085100000| Untracked 
|  56|0x0000000085200000, 0x0000000085200000, 0x0000000085300000|  0%| F|  |TAMS 0x0000000085200000, 0x0000000085200000| Untracked 
|  57|0x0000000085300000, 0x0000000085300000, 0x0000000085400000|  0%| F|  |TAMS 0x0000000085300000, 0x0000000085300000| Untracked 
|  58|0x0000000085400000, 0x0000000085400000, 0x0000000085500000|  0%| F|  |TAMS 0x0000000085400000, 0x0000000085400000| Untracked 
|  59|0x0000000085500000, 0x0000000085500000, 0x0000000085600000|  0%| F|  |TAMS 0x0000000085500000, 0x0000000085500000| Untracked 
|  60|0x0000000085600000, 0x0000000085600000, 0x0000000085700000|  0%| F|  |TAMS 0x0000000085600000, 0x0000000085600000| Untracked 
|  61|0x0000000085700000, 0x0000000085700000, 0x0000000085800000|  0%| F|  |TAMS 0x0000000085700000, 0x0000000085700000| Untracked 
|  62|0x0000000085800000, 0x0000000085800000, 0x0000000085900000|  0%| F|  |TAMS 0x0000000085800000, 0x0000000085800000| Untracked 
|  63|0x0000000085900000, 0x0000000085900000, 0x0000000085a00000|  0%| F|  |TAMS 0x0000000085900000, 0x0000000085900000| Untracked 
|  64|0x0000000085a00000, 0x0000000085a00000, 0x0000000085b00000|  0%| F|  |TAMS 0x0000000085a00000, 0x0000000085a00000| Untracked 
|  65|0x0000000085b00000, 0x0000000085b00000, 0x0000000085c00000|  0%| F|  |TAMS 0x0000000085b00000, 0x0000000085b00000| Untracked 
|  66|0x0000000085c00000, 0x0000000085c00000, 0x0000000085d00000|  0%| F|  |TAMS 0x0000000085c00000, 0x0000000085c00000| Untracked 
|  67|0x0000000085d00000, 0x0000000085d00000, 0x0000000085e00000|  0%| F|  |TAMS 0x0000000085d00000, 0x0000000085d00000| Untracked 
|  68|0x0000000085e00000, 0x0000000085e00000, 0x0000000085f00000|  0%| F|  |TAMS 0x0000000085e00000, 0x0000000085e00000| Untracked 
|  69|0x0000000085f00000, 0x0000000085f00000, 0x0000000086000000|  0%| F|  |TAMS 0x0000000085f00000, 0x0000000085f00000| Untracked 
|  70|0x0000000086000000, 0x0000000086000000, 0x0000000086100000|  0%| F|  |TAMS 0x0000000086000000, 0x0000000086000000| Untracked 
|  71|0x0000000086100000, 0x0000000086100000, 0x0000000086200000|  0%| F|  |TAMS 0x0000000086100000, 0x0000000086100000| Untracked 
|  72|0x0000000086200000, 0x0000000086200000, 0x0000000086300000|  0%| F|  |TAMS 0x0000000086200000, 0x0000000086200000| Untracked 
|  73|0x0000000086300000, 0x0000000086300000, 0x0000000086400000|  0%| F|  |TAMS 0x0000000086300000, 0x0000000086300000| Untracked 
|  74|0x0000000086400000, 0x0000000086400000, 0x0000000086500000|  0%| F|  |TAMS 0x0000000086400000, 0x0000000086400000| Untracked 
|  75|0x0000000086500000, 0x0000000086500000, 0x0000000086600000|  0%| F|  |TAMS 0x0000000086500000, 0x0000000086500000| Untracked 
|  76|0x0000000086600000, 0x0000000086600000, 0x0000000086700000|  0%| F|  |TAMS 0x0000000086600000, 0x0000000086600000| Untracked 
|  77|0x0000000086700000, 0x0000000086700000, 0x0000000086800000|  0%| F|  |TAMS 0x0000000086700000, 0x0000000086700000| Untracked 
|  78|0x0000000086800000, 0x0000000086800000, 0x0000000086900000|  0%| F|  |TAMS 0x0000000086800000, 0x0000000086800000| Untracked 
|  79|0x0000000086900000, 0x0000000086900000, 0x0000000086a00000|  0%| F|  |TAMS 0x0000000086900000, 0x0000000086900000| Untracked 
|  80|0x0000000086a00000, 0x0000000086a00000, 0x0000000086b00000|  0%| F|  |TAMS 0x0000000086a00000, 0x0000000086a00000| Untracked 
|  81|0x0000000086b00000, 0x0000000086b00000, 0x0000000086c00000|  0%| F|  |TAMS 0x0000000086b00000, 0x0000000086b00000| Untracked 
|  82|0x0000000086c00000, 0x0000000086c00000, 0x0000000086d00000|  0%| F|  |TAMS 0x0000000086c00000, 0x0000000086c00000| Untracked 
|  83|0x0000000086d00000, 0x0000000086d00000, 0x0000000086e00000|  0%| F|  |TAMS 0x0000000086d00000, 0x0000000086d00000| Untracked 
|  84|0x0000000086e00000, 0x0000000086e00000, 0x0000000086f00000|  0%| F|  |TAMS 0x0000000086e00000, 0x0000000086e00000| Untracked 
|  85|0x0000000086f00000, 0x0000000086f00000, 0x0000000087000000|  0%| F|  |TAMS 0x0000000086f00000, 0x0000000086f00000| Untracked 
|  86|0x0000000087000000, 0x0000000087000000, 0x0000000087100000|  0%| F|  |TAMS 0x0000000087000000, 0x0000000087000000| Untracked 
|  87|0x0000000087100000, 0x0000000087100000, 0x0000000087200000|  0%| F|  |TAMS 0x0000000087100000, 0x0000000087100000| Untracked 
|  88|0x0000000087200000, 0x0000000087200000, 0x0000000087300000|  0%| F|  |TAMS 0x0000000087200000, 0x0000000087200000| Untracked 
|  89|0x0000000087300000, 0x0000000087300000, 0x0000000087400000|  0%| F|  |TAMS 0x0000000087300000, 0x0000000087300000| Untracked 
|  90|0x0000000087400000, 0x0000000087400000, 0x0000000087500000|  0%| F|  |TAMS 0x0000000087400000, 0x0000000087400000| Untracked 
|  91|0x0000000087500000, 0x0000000087500000, 0x0000000087600000|  0%| F|  |TAMS 0x0000000087500000, 0x0000000087500000| Untracked 
|  92|0x0000000087600000, 0x0000000087600000, 0x0000000087700000|  0%| F|  |TAMS 0x0000000087600000, 0x0000000087600000| Untracked 
|  93|0x0000000087700000, 0x0000000087700000, 0x0000000087800000|  0%| F|  |TAMS 0x0000000087700000, 0x0000000087700000| Untracked 
|  94|0x0000000087800000, 0x0000000087800000, 0x0000000087900000|  0%| F|  |TAMS 0x0000000087800000, 0x0000000087800000| Untracked 
|  95|0x0000000087900000, 0x0000000087900000, 0x0000000087a00000|  0%| F|  |TAMS 0x0000000087900000, 0x0000000087900000| Untracked 
|  96|0x0000000087a00000, 0x0000000087a00000, 0x0000000087b00000|  0%| F|  |TAMS 0x0000000087a00000, 0x0000000087a00000| Untracked 
|  97|0x0000000087b00000, 0x0000000087b00000, 0x0000000087c00000|  0%| F|  |TAMS 0x0000000087b00000, 0x0000000087b00000| Untracked 
|  98|0x0000000087c00000, 0x0000000087c00000, 0x0000000087d00000|  0%| F|  |TAMS 0x0000000087c00000, 0x0000000087c00000| Untracked 
|  99|0x0000000087d00000, 0x0000000087d00000, 0x0000000087e00000|  0%| F|  |TAMS 0x0000000087d00000, 0x0000000087d00000| Untracked 
| 100|0x0000000087e00000, 0x0000000087e00000, 0x0000000087f00000|  0%| F|  |TAMS 0x0000000087e00000, 0x0000000087e00000| Untracked 
| 101|0x0000000087f00000, 0x0000000087f00000, 0x0000000088000000|  0%| F|  |TAMS 0x0000000087f00000, 0x0000000087f00000| Untracked 
| 102|0x0000000088000000, 0x0000000088000000, 0x0000000088100000|  0%| F|  |TAMS 0x0000000088000000, 0x0000000088000000| Untracked 
| 103|0x0000000088100000, 0x0000000088100000, 0x0000000088200000|  0%| F|  |TAMS 0x0000000088100000, 0x0000000088100000| Untracked 
| 104|0x0000000088200000, 0x0000000088200000, 0x0000000088300000|  0%| F|  |TAMS 0x0000000088200000, 0x0000000088200000| Untracked 
| 105|0x0000000088300000, 0x0000000088300000, 0x0000000088400000|  0%| F|  |TAMS 0x0000000088300000, 0x0000000088300000| Untracked 
| 106|0x0000000088400000, 0x0000000088400000, 0x0000000088500000|  0%| F|  |TAMS 0x0000000088400000, 0x0000000088400000| Untracked 
| 107|0x0000000088500000, 0x0000000088500000, 0x0000000088600000|  0%| F|  |TAMS 0x0000000088500000, 0x0000000088500000| Untracked 
| 108|0x0000000088600000, 0x0000000088600000, 0x0000000088700000|  0%| F|  |TAMS 0x0000000088600000, 0x0000000088600000| Untracked 
| 109|0x0000000088700000, 0x0000000088700000, 0x0000000088800000|  0%| F|  |TAMS 0x0000000088700000, 0x0000000088700000| Untracked 
| 110|0x0000000088800000, 0x0000000088800000, 0x0000000088900000|  0%| F|  |TAMS 0x0000000088800000, 0x0000000088800000| Untracked 
| 111|0x0000000088900000, 0x00000000889d9900, 0x0000000088a00000| 84%| S|CS|TAMS 0x0000000088900000, 0x0000000088900000| Complete 
| 112|0x0000000088a00000, 0x0000000088b00000, 0x0000000088b00000|100%| S|CS|TAMS 0x0000000088a00000, 0x0000000088a00000| Complete 
| 113|0x0000000088b00000, 0x0000000088b00000, 0x0000000088c00000|  0%| F|  |TAMS 0x0000000088b00000, 0x0000000088b00000| Untracked 
| 114|0x0000000088c00000, 0x0000000088c00000, 0x0000000088d00000|  0%| F|  |TAMS 0x0000000088c00000, 0x0000000088c00000| Untracked 
| 115|0x0000000088d00000, 0x0000000088d00000, 0x0000000088e00000|  0%| F|  |TAMS 0x0000000088d00000, 0x0000000088d00000| Untracked 
| 116|0x0000000088e00000, 0x0000000088e00000, 0x0000000088f00000|  0%| F|  |TAMS 0x0000000088e00000, 0x0000000088e00000| Untracked 
| 117|0x0000000088f00000, 0x0000000088f00000, 0x0000000089000000|  0%| F|  |TAMS 0x0000000088f00000, 0x0000000088f00000| Untracked 
| 118|0x0000000089000000, 0x0000000089000000, 0x0000000089100000|  0%| F|  |TAMS 0x0000000089000000, 0x0000000089000000| Untracked 
| 119|0x0000000089100000, 0x00000000891a2220, 0x0000000089200000| 63%| E|  |TAMS 0x0000000089100000, 0x0000000089100000| Complete 
| 120|0x0000000089200000, 0x0000000089300000, 0x0000000089300000|100%| E|CS|TAMS 0x0000000089200000, 0x0000000089200000| Complete 
| 121|0x0000000089300000, 0x0000000089400000, 0x0000000089400000|100%| E|CS|TAMS 0x0000000089300000, 0x0000000089300000| Complete 
| 122|0x0000000089400000, 0x0000000089500000, 0x0000000089500000|100%| E|CS|TAMS 0x0000000089400000, 0x0000000089400000| Complete 
| 123|0x0000000089500000, 0x0000000089600000, 0x0000000089600000|100%| E|CS|TAMS 0x0000000089500000, 0x0000000089500000| Complete 
| 124|0x0000000089600000, 0x0000000089700000, 0x0000000089700000|100%| E|CS|TAMS 0x0000000089600000, 0x0000000089600000| Complete 
| 125|0x0000000089700000, 0x0000000089800000, 0x0000000089800000|100%| E|CS|TAMS 0x0000000089700000, 0x0000000089700000| Complete 
| 126|0x0000000089800000, 0x0000000089900000, 0x0000000089900000|100%| E|CS|TAMS 0x0000000089800000, 0x0000000089800000| Complete 
| 127|0x0000000089900000, 0x0000000089a00000, 0x0000000089a00000|100%| E|CS|TAMS 0x0000000089900000, 0x0000000089900000| Complete 

Card table byte_map: [0x0000018ff3b00000,0x0000018ff3f00000] _byte_map_base: 0x0000018ff36f3000

Marking Bits (Prev, Next): (CMBitMap*) 0x0000018feb7e9640, (CMBitMap*) 0x0000018feb7e9680
 Prev Bits: [0x0000018ff4300000, 0x0000018ff6298000)
 Next Bits: [0x0000018ff62a0000, 0x0000018ff8238000)

Polling page: 0x0000018fe9630000

Metaspace:

Usage:
  Non-class:     13.20 MB used.
      Class:      1.50 MB used.
       Both:     14.70 MB used.

Virtual space:
  Non-class space:       64.00 MB reserved,      13.38 MB ( 21%) committed,  1 nodes.
      Class space:        1.00 GB reserved,       1.62 MB ( <1%) committed,  1 nodes.
             Both:        1.06 GB reserved,      15.00 MB (  1%) committed. 

Chunk freelists:
   Non-Class:  2.29 MB
       Class:  2.22 MB
        Both:  4.51 MB

MaxMetaspaceSize: unlimited
CompressedClassSpaceSize: 1.00 GB
Initial GC threshold: 21.00 MB
Current GC threshold: 21.00 MB
CDS: on
MetaspaceReclaimPolicy: balanced
 - commit_granule_bytes: 65536.
 - commit_granule_words: 8192.
 - virtual_space_node_default_size: 8388608.
 - enlarge_chunks_in_place: 1.
 - new_chunks_are_fully_committed: 0.
 - uncommit_free_chunks: 1.
 - use_allocation_guard: 0.


Internal statistics:

num_allocs_failed_limit: 0.
num_arena_births: 262.
num_arena_deaths: 0.
num_vsnodes_births: 2.
num_vsnodes_deaths: 0.
num_space_committed: 240.
num_space_uncommitted: 0.
num_chunks_returned_to_freelist: 0.
num_chunks_taken_from_freelist: 414.
num_chunk_merges: 0.
num_chunk_splits: 283.
num_chunks_enlarged: 193.
num_inconsistent_stats: 0.

CodeHeap 'non-profiled nmethods': size=120000Kb used=1020Kb max_used=1020Kb free=118979Kb
 bounds [0x0000018f87ad0000, 0x0000018f87d40000, 0x0000018f8f000000]
CodeHeap 'profiled nmethods': size=120000Kb used=5063Kb max_used=5063Kb free=114936Kb
 bounds [0x0000018f80000000, 0x0000018f80500000, 0x0000018f87530000]
CodeHeap 'non-nmethods': size=5760Kb used=1484Kb max_used=1498Kb free=4275Kb
 bounds [0x0000018f87530000, 0x0000018f877a0000, 0x0000018f87ad0000]
 total_blobs=3349 nmethods=2607 adapters=649
 compilation: enabled
              stopped_count=0, restarted_count=0
 full_count=0

Compilation events (20 events):
Event: 443.758 Thread 0x0000018ffa70ab90 nmethod 2602 0x0000018f87bc6a90 code [0x0000018f87bc6c20, 0x0000018f87bc6db8]
Event: 500.600 Thread 0x0000018ffa70ab90 2603       4       java.util.concurrent.locks.ReentrantLock$NonfairSync::tryAcquire (27 bytes)
Event: 500.602 Thread 0x0000018ffa70ab90 nmethod 2603 0x0000018f87bc6e90 code [0x0000018f87bc7000, 0x0000018f87bc7158]
Event: 504.505 Thread 0x0000018ffa70ab90 2604   !   4       java.util.concurrent.locks.AbstractQueuedSynchronizer::acquire (407 bytes)
Event: 504.532 Thread 0x0000018ffa70ab90 nmethod 2604 0x0000018f87bc7210 code [0x0000018f87bc7420, 0x0000018f87bc8260]
Event: 505.373 Thread 0x0000018ffa70ab90 2605       4       java.util.concurrent.locks.AbstractQueuedSynchronizer$Node::clearStatus (12 bytes)
Event: 505.374 Thread 0x0000018ffa70ab90 nmethod 2605 0x0000018f87bc8890 code [0x0000018f87bc8a00, 0x0000018f87bc8a78]
Event: 505.474 Thread 0x0000018ffa70ab90 2606       4       java.util.concurrent.locks.AbstractQueuedSynchronizer$ConditionObject::enableWait (84 bytes)
Event: 505.496 Thread 0x0000018ffa70ab90 nmethod 2606 0x0000018f87bc8b90 code [0x0000018f87bc8d60, 0x0000018f87bc93a8]
Event: 543.493 Thread 0x0000018ffa70ab90 2607   !   4       java.util.concurrent.locks.LockSupport::parkNanos (56 bytes)
Event: 543.502 Thread 0x0000018ffa70ab90 nmethod 2607 0x0000018f87bc9710 code [0x0000018f87bc98a0, 0x0000018f87bc9af8]
Event: 559.062 Thread 0x0000018ffa70ab90 2608   !   4       java.lang.ref.ReferenceQueue::remove (61 bytes)
Event: 559.144 Thread 0x0000018ffa70ab90 nmethod 2608 0x0000018f87bc9c10 code [0x0000018f87bc9ea0, 0x0000018f87bcb8e8]
Event: 559.144 Thread 0x0000018ffa70ab90 2609       4       java.lang.ref.ReferenceQueue::remove0 (64 bytes)
Event: 559.181 Thread 0x0000018ffa70ab90 nmethod 2609 0x0000018f87bcc810 code [0x0000018f87bcca60, 0x0000018f87bce010]
Event: 1505.974 Thread 0x0000018ffa718a20 2610   !   3       java.awt.Toolkit::setDesktopProperty (81 bytes)
Event: 1505.975 Thread 0x0000018ffa718a20 nmethod 2610 0x0000018f804f1090 code [0x0000018f804f12a0, 0x0000018f804f1ae8]
Event: 1506.179 Thread 0x0000018ffa70ab90 2611       4       java.lang.StringLatin1::compareTo (52 bytes)
Event: 1506.188 Thread 0x0000018ffa70ab90 nmethod 2611 0x0000018f87bcec90 code [0x0000018f87bcee20, 0x0000018f87bceff8]
Event: 1506.191 Thread 0x0000018ffa70ab90 2612       4       java.util.HashMap::putVal (300 bytes)

GC Heap History (4 events):
Event: 2.517 GC heap before
{Heap before GC invocations=0 (full 0):
 garbage-first heap   total 131072K, used 16384K [0x0000000081a00000, 0x0000000100000000)
  region size 1024K, 13 young (13312K), 0 survivors (0K)
 Metaspace       used 10165K, committed 10432K, reserved 1114112K
  class space    used 1085K, committed 1216K, reserved 1048576K
}
Event: 2.532 GC heap after
{Heap after GC invocations=1 (full 0):
 garbage-first heap   total 131072K, used 7061K [0x0000000081a00000, 0x0000000100000000)
  region size 1024K, 2 young (2048K), 2 survivors (2048K)
 Metaspace       used 10165K, committed 10432K, reserved 1114112K
  class space    used 1085K, committed 1216K, reserved 1048576K
}
Event: 14.388 GC heap before
{Heap before GC invocations=1 (full 0):
 garbage-first heap   total 131072K, used 23445K [0x0000000081a00000, 0x0000000100000000)
  region size 1024K, 15 young (15360K), 2 survivors (2048K)
 Metaspace       used 14763K, committed 15040K, reserved 1114112K
  class space    used 1518K, committed 1664K, reserved 1048576K
}
Event: 14.408 GC heap after
{Heap after GC invocations=2 (full 0):
 garbage-first heap   total 131072K, used 13158K [0x0000000081a00000, 0x0000000100000000)
  region size 1024K, 2 young (2048K), 2 survivors (2048K)
 Metaspace       used 14763K, committed 15040K, reserved 1114112K
  class space    used 1518K, committed 1664K, reserved 1048576K
}

Dll operation events (12 events):
Event: 0.018 Loaded shared library C:\Program Files\Java\jdk-19\bin\java.dll
Event: 0.035 Loaded shared library C:\Program Files\Java\jdk-19\bin\jsvml.dll
Event: 0.117 Loaded shared library C:\Program Files\Java\jdk-19\bin\net.dll
Event: 0.120 Loaded shared library C:\Program Files\Java\jdk-19\bin\nio.dll
Event: 0.171 Loaded shared library C:\Program Files\Java\jdk-19\bin\zip.dll
Event: 0.191 Loaded shared library C:\Program Files\Java\jdk-19\bin\jimage.dll
Event: 0.214 Loaded shared library C:\Program Files\Java\jdk-19\bin\awt.dll
Event: 0.554 Loaded shared library C:\Program Files\Java\jdk-19\bin\freetype.dll
Event: 0.559 Loaded shared library C:\Program Files\Java\jdk-19\bin\fontmanager.dll
Event: 0.929 Loaded shared library C:\Program Files\Java\jdk-19\bin\javajpeg.dll
Event: 2.424 Loaded shared library C:\Program Files\Java\jdk-19\bin\verify.dll
Event: 2.799 Loaded shared library C:\Program Files\Java\jdk-19\bin\extnet.dll

Deoptimization events (20 events):
Event: 13.224 Thread 0x0000018f8fa943f0 DEOPT PACKING pc=0x0000018f80279db4 sp=0x0000004cb74feeb0
Event: 13.224 Thread 0x0000018f8fa943f0 DEOPT UNPACKING pc=0x0000018f87597543 sp=0x0000004cb74fe320 mode 0
Event: 13.225 Thread 0x0000018f8fa943f0 DEOPT PACKING pc=0x0000018f80279db4 sp=0x0000004cb74feeb0
Event: 13.232 Thread 0x0000018f8fa943f0 DEOPT UNPACKING pc=0x0000018f87597543 sp=0x0000004cb74fe320 mode 0
Event: 13.233 Thread 0x0000018f8fa943f0 DEOPT PACKING pc=0x0000018f80279db4 sp=0x0000004cb74feeb0
Event: 13.233 Thread 0x0000018f8fa943f0 DEOPT UNPACKING pc=0x0000018f87597543 sp=0x0000004cb74fe320 mode 0
Event: 13.235 Thread 0x0000018f8fa943f0 DEOPT PACKING pc=0x0000018f80279db4 sp=0x0000004cb74feeb0
Event: 13.235 Thread 0x0000018f8fa943f0 DEOPT UNPACKING pc=0x0000018f87597543 sp=0x0000004cb74fe320 mode 0
Event: 13.235 Thread 0x0000018f8fa943f0 DEOPT PACKING pc=0x0000018f80279db4 sp=0x0000004cb74feeb0
Event: 13.235 Thread 0x0000018f8fa943f0 DEOPT UNPACKING pc=0x0000018f87597543 sp=0x0000004cb74fe320 mode 0
Event: 14.542 Thread 0x0000018ffecb42d0 Uncommon trap: trap_request=0xffffffde fr.pc=0x0000018f87ae083c relative=0x000000000000019c
Event: 14.542 Thread 0x0000018ffecb42d0 Uncommon trap: reason=class_check action=maybe_recompile pc=0x0000018f87ae083c method=java.lang.String.equals(Ljava/lang/Object;)Z @ 8 c2
Event: 14.542 Thread 0x0000018ffecb42d0 DEOPT PACKING pc=0x0000018f87ae083c sp=0x0000004cb73fe250
Event: 14.542 Thread 0x0000018ffecb42d0 DEOPT UNPACKING pc=0x0000018f87596da3 sp=0x0000004cb73fe1e8 mode 2
Event: 14.542 Thread 0x0000018ffecb42d0 Uncommon trap: trap_request=0xffffffde fr.pc=0x0000018f87ae083c relative=0x000000000000019c
Event: 14.542 Thread 0x0000018ffecb42d0 Uncommon trap: reason=class_check action=maybe_recompile pc=0x0000018f87ae083c method=java.lang.String.equals(Ljava/lang/Object;)Z @ 8 c2
Event: 14.542 Thread 0x0000018ffecb42d0 DEOPT PACKING pc=0x0000018f87ae083c sp=0x0000004cb73fe250
Event: 14.542 Thread 0x0000018ffecb42d0 DEOPT UNPACKING pc=0x0000018f87596da3 sp=0x0000004cb73fe1e8 mode 2
Event: 29.735 Thread 0x0000018ffecb42d0 DEOPT PACKING pc=0x0000018f803a097d sp=0x0000004cb73fd5c0
Event: 29.735 Thread 0x0000018ffecb42d0 DEOPT UNPACKING pc=0x0000018f87597543 sp=0x0000004cb73fca30 mode 0

Classes loaded (20 events):
Event: 6.244 Loading class java/util/Collections$UnmodifiableMap$UnmodifiableEntrySet$1
Event: 6.244 Loading class java/util/Collections$UnmodifiableMap$UnmodifiableEntrySet$1 done
Event: 6.244 Loading class java/util/Collections$UnmodifiableMap$UnmodifiableEntrySet$UnmodifiableEntry
Event: 6.244 Loading class java/util/Collections$UnmodifiableMap$UnmodifiableEntrySet$UnmodifiableEntry done
Event: 6.255 Loading class java/util/concurrent/atomic/AtomicReferenceFieldUpdater
Event: 6.255 Loading class java/util/concurrent/atomic/AtomicReferenceFieldUpdater done
Event: 6.255 Loading class java/util/concurrent/atomic/AtomicReferenceFieldUpdater$AtomicReferenceFieldUpdaterImpl
Event: 6.255 Loading class java/util/concurrent/atomic/AtomicReferenceFieldUpdater$AtomicReferenceFieldUpdaterImpl done
Event: 6.255 Loading class java/util/concurrent/atomic/AtomicReferenceFieldUpdater$AtomicReferenceFieldUpdaterImpl$1
Event: 6.255 Loading class java/util/concurrent/atomic/AtomicReferenceFieldUpdater$AtomicReferenceFieldUpdaterImpl$1 done
Event: 6.256 Loading class java/lang/Throwable$WrappedPrintStream
Event: 6.256 Loading class java/lang/Throwable$WrappedPrintStream done
Event: 7.997 Loading class javax/swing/Autoscroller
Event: 7.998 Loading class javax/swing/Autoscroller done
Event: 22.947 Loading class javax/swing/text/GapContent$RemoveUndo
Event: 22.947 Loading class javax/swing/text/GapContent$RemoveUndo done
Event: 31.488 Loading class java/lang/StringIndexOutOfBoundsException
Event: 31.488 Loading class java/lang/StringIndexOutOfBoundsException done
Event: 31.488 Loading class java/util/RegularEnumSet$EnumSetIterator
Event: 31.489 Loading class java/util/RegularEnumSet$EnumSetIterator done

Classes unloaded (0 events):
No events

Classes redefined (0 events):
No events

Internal exceptions (20 events):
Event: 0.774 Thread 0x0000018ffecb42d0 Exception <a 'java/lang/NoSuchMethodError'{0x0000000089347908}: 'int java.lang.invoke.DirectMethodHandle$Holder.invokeSpecial(java.lang.Object, java.lang.Object, java.lang.Object)'> (0x0000000089347908) 
thrown [s\open\src\hotspot\share\interpreter\linkResolver.cpp, line 774]
Event: 0.910 Thread 0x0000018fff516350 Exception <a 'java/lang/NoSuchMethodError'{0x00000000891267d0}: 'java.lang.Object java.lang.invoke.DirectMethodHandle$Holder.newInvokeSpecial(java.lang.Object, java.lang.Object, java.lang.Object, int, int, int, int, int)'> (0x00000000891267d0) 
thrown [s\open\src\hotspot\share\interpreter\linkResolver.cpp, line 774]
Event: 0.968 Thread 0x0000018ffec1ca50 Exception <a 'java/lang/NoSuchMethodError'{0x0000000089694ea0}: 'void java.lang.invoke.DirectMethodHandle$Holder.invokeVirtual(java.lang.Object, java.lang.Object)'> (0x0000000089694ea0) 
thrown [s\open\src\hotspot\share\interpreter\linkResolver.cpp, line 774]
Event: 0.989 Thread 0x0000018ffecb42d0 Exception <a 'java/lang/NoSuchMethodError'{0x0000000088f57d78}: 'void java.lang.invoke.DirectMethodHandle$Holder.invokeStaticInit(java.lang.Object)'> (0x0000000088f57d78) 
thrown [s\open\src\hotspot\share\interpreter\linkResolver.cpp, line 774]
Event: 2.462 Thread 0x0000018ffecb42d0 Exception <a 'java/lang/NoSuchMethodError'{0x0000000088d24f48}: 'java.lang.Object java.lang.invoke.DirectMethodHandle$Holder.invokeInterface(java.lang.Object, java.lang.Object)'> (0x0000000088d24f48) 
thrown [s\open\src\hotspot\share\interpreter\linkResolver.cpp, line 774]
Event: 2.608 Thread 0x0000018ffecb42d0 Exception <a 'java/lang/NoSuchMethodError'{0x000000008984a970}: 'java.lang.Object java.lang.invoke.DirectMethodHandle$Holder.newInvokeSpecial(java.lang.Object, java.lang.Object, int, java.lang.Object, java.lang.Object, java.lang.Object)'> (0x000000008984a970) 
thrown [s\open\src\hotspot\share\interpreter\linkResolver.cpp, line 774]
Event: 2.610 Thread 0x0000018ffecb42d0 Exception <a 'java/lang/NoSuchMethodError'{0x00000000898529a8}: 'java.lang.Object java.lang.invoke.DelegatingMethodHandle$Holder.reinvoke_L(java.lang.Object, java.lang.Object, int, java.lang.Object, java.lang.Object, java.lang.Object)'> (0x00000000898529a8) 
thrown [s\open\src\hotspot\share\interpreter\linkResolver.cpp, line 774]
Event: 2.613 Thread 0x0000018ffecb42d0 Exception <a 'java/lang/NoSuchMethodError'{0x0000000089866bc0}: 'java.lang.Object java.lang.invoke.DirectMethodHandle$Holder.invokeStatic(java.lang.Object, java.lang.Object, int)'> (0x0000000089866bc0) 
thrown [s\open\src\hotspot\share\interpreter\linkResolver.cpp, line 774]
Event: 2.615 Thread 0x0000018ffecb42d0 Exception <a 'java/lang/NoSuchMethodError'{0x00000000898720c0}: 'void java.lang.invoke.DelegatingMethodHandle$Holder.delegate(java.lang.Object, java.lang.Object, int, java.lang.Object)'> (0x00000000898720c0) 
thrown [s\open\src\hotspot\share\interpreter\linkResolver.cpp, line 774]
Event: 2.801 Thread 0x0000018ffecb42d0 Exception <a 'java/lang/NoSuchMethodError'{0x00000000896c8a78}: 'void java.lang.invoke.DirectMethodHandle$Holder.invokeStatic(java.lang.Object, java.lang.Object)'> (0x00000000896c8a78) 
thrown [s\open\src\hotspot\share\interpreter\linkResolver.cpp, line 774]
Event: 2.917 Thread 0x0000018ffecb42d0 Exception <a 'java/lang/NoSuchMethodError'{0x0000000089558698}: 'java.lang.Object java.lang.invoke.DirectMethodHandle$Holder.newInvokeSpecial(java.lang.Object, java.lang.Object, java.lang.Object, java.lang.Object, java.lang.Object, java.lang.Object)'> (0x0000000089558698) 
thrown [s\open\src\hotspot\share\interpreter\linkResolver.cpp, line 774]
Event: 2.933 Thread 0x0000018ffecb42d0 Exception <a 'java/lang/NoSuchMethodError'{0x000000008959d298}: 'long java.lang.invoke.DirectMethodHandle$Holder.invokeStatic(java.lang.Object, java.lang.Object, int)'> (0x000000008959d298) 
thrown [s\open\src\hotspot\share\interpreter\linkResolver.cpp, line 774]
Event: 2.934 Thread 0x0000018ffecb42d0 Exception <a 'java/lang/NoSuchMethodError'{0x00000000895b8448}: 'java.lang.Object java.lang.invoke.DelegatingMethodHandle$Holder.reinvoke_L(java.lang.Object, long, long, java.lang.Object, java.lang.Object)'> (0x00000000895b8448) 
thrown [s\open\src\hotspot\share\interpreter\linkResolver.cpp, line 774]
Event: 7.812 Thread 0x0000018ffecb42d0 Implicit null exception at 0x0000018f87b5c7d8 to 0x0000018f87b5cd52
Event: 7.812 Thread 0x0000018ffecb42d0 Implicit null exception at 0x0000018f87b5ac2c to 0x0000018f87b5b2d8
Event: 7.813 Thread 0x0000018ffecb42d0 Implicit null exception at 0x0000018f87b5c7d8 to 0x0000018f87b5cd52
Event: 7.813 Thread 0x0000018ffecb42d0 Implicit null exception at 0x0000018f87b5ac2c to 0x0000018f87b5b2d8
Event: 7.813 Thread 0x0000018ffecb42d0 Implicit null exception at 0x0000018f87b5c7d8 to 0x0000018f87b5cd52
Event: 13.187 Thread 0x0000018ffecb42d0 Implicit null exception at 0x0000018f87af17af to 0x0000018f87af1829
Event: 31.487 Thread 0x0000018ffecb42d0 Exception <a 'java/lang/NoSuchMethodError'{0x000000008910b478}: 'java.lang.Object java.lang.invoke.Invokers$Holder.invokeExact_MT(java.lang.Object, java.lang.Object, java.lang.Object, java.lang.Object, java.lang.Object)'> (0x000000008910b478) 
thrown [s\open\src\hotspot\share\interpreter\linkResolver.cpp, line 774]

VM Operations (20 events):
Event: 26.509 Executing VM operation: Cleanup
Event: 26.509 Executing VM operation: Cleanup done
Event: 27.512 Executing VM operation: Cleanup
Event: 27.512 Executing VM operation: Cleanup done
Event: 28.525 Executing VM operation: Cleanup
Event: 28.525 Executing VM operation: Cleanup done
Event: 30.546 Executing VM operation: Cleanup
Event: 30.546 Executing VM operation: Cleanup done
Event: 31.550 Executing VM operation: Cleanup
Event: 31.550 Executing VM operation: Cleanup done
Event: 32.550 Executing VM operation: Cleanup
Event: 32.550 Executing VM operation: Cleanup done
Event: 171.742 Executing VM operation: Cleanup
Event: 171.742 Executing VM operation: Cleanup done
Event: 293.779 Executing VM operation: Cleanup
Event: 293.780 Executing VM operation: Cleanup done
Event: 443.991 Executing VM operation: Cleanup
Event: 443.991 Executing VM operation: Cleanup done
Event: 501.436 Executing VM operation: Cleanup
Event: 501.436 Executing VM operation: Cleanup done

Events (20 events):
Event: 0.096 Thread 0x0000018ffa6d8280 Thread added: 0x0000018ffa6d8280
Event: 0.157 Thread 0x0000018ffea7d180 Thread added: 0x0000018ffea7d180
Event: 0.315 Thread 0x0000018ffec1b7b0 Thread added: 0x0000018ffec1b7b0
Event: 0.317 Thread 0x0000018ffec1c100 Thread added: 0x0000018ffec1c100
Event: 0.319 Thread 0x0000018ffec1ca50 Thread added: 0x0000018ffec1ca50
Event: 0.698 Thread 0x0000018ffecb42d0 Thread added: 0x0000018ffecb42d0
Event: 0.698 Thread 0x0000018feb7896b0 Thread exited: 0x0000018feb7896b0
Event: 0.698 Thread 0x0000018feb7896b0 Thread added: 0x0000018feb7896b0
Event: 0.805 Thread 0x0000018fff516350 Thread added: 0x0000018fff516350
Event: 2.430 Thread 0x0000018fff514d70 Thread added: 0x0000018fff514d70
Event: 2.480 Thread 0x0000018fff4163e0 Thread added: 0x0000018fff4163e0
Event: 2.870 Thread 0x0000018fff4163e0 Thread exited: 0x0000018fff4163e0
Event: 3.170 Thread 0x0000018f8fa93ea0 Thread added: 0x0000018f8fa93ea0
Event: 8.046 Thread 0x0000018fff516350 Thread exited: 0x0000018fff516350
Event: 12.136 Thread 0x0000018fff417a20 Thread added: 0x0000018fff417a20
Event: 12.576 Thread 0x0000018fff417a20 Thread exited: 0x0000018fff417a20
Event: 13.199 Thread 0x0000018f8fa943f0 Thread added: 0x0000018f8fa943f0
Event: 13.212 Thread 0x0000018fff4163e0 Thread added: 0x0000018fff4163e0
Event: 13.651 Thread 0x0000018fff4163e0 Thread exited: 0x0000018fff4163e0
Event: 18.247 Thread 0x0000018f8fa943f0 Thread exited: 0x0000018f8fa943f0


Dynamic libraries:
0x00007ff61c130000 - 0x00007ff61c140000 	C:\Program Files\Java\jdk-19\bin\java.exe
0x00007ff9639b0000 - 0x00007ff963ba8000 	C:\WINDOWS\SYSTEM32\ntdll.dll
0x00007ff963380000 - 0x00007ff96343f000 	C:\WINDOWS\System32\KERNEL32.DLL
0x00007ff9614c0000 - 0x00007ff961792000 	C:\WINDOWS\System32\KERNELBASE.dll
0x00007ff9610b0000 - 0x00007ff9611b0000 	C:\WINDOWS\System32\ucrtbase.dll
0x00007ff95ce00000 - 0x00007ff95ce1b000 	C:\Program Files\Java\jdk-19\bin\VCRUNTIME140.dll
0x00007ff947570000 - 0x00007ff947588000 	C:\Program Files\Java\jdk-19\bin\jli.dll
0x00007ff963810000 - 0x00007ff9638be000 	C:\WINDOWS\System32\ADVAPI32.dll
0x00007ff961ed0000 - 0x00007ff961f6e000 	C:\WINDOWS\System32\msvcrt.dll
0x00007ff962ea0000 - 0x00007ff962f3c000 	C:\WINDOWS\System32\sechost.dll
0x00007ff963440000 - 0x00007ff963564000 	C:\WINDOWS\System32\RPCRT4.dll
0x00007ff94f6b0000 - 0x00007ff94f94a000 	C:\WINDOWS\WinSxS\amd64_microsoft.windows.common-controls_6595b64144ccf1df_6.0.19041.1110_none_60b5254171f9507e\COMCTL32.dll
0x00007ff961f70000 - 0x00007ff961f9b000 	C:\WINDOWS\System32\GDI32.dll
0x00007ff962f40000 - 0x00007ff9630e1000 	C:\WINDOWS\System32\USER32.dll
0x00007ff9613f0000 - 0x00007ff961412000 	C:\WINDOWS\System32\win32u.dll
0x00007ff9612e0000 - 0x00007ff9613ef000 	C:\WINDOWS\System32\gdi32full.dll
0x00007ff961420000 - 0x00007ff9614bd000 	C:\WINDOWS\System32\msvcp_win.dll
0x00007ff9561a0000 - 0x00007ff9561aa000 	C:\WINDOWS\SYSTEM32\VERSION.dll
0x00007ff9637e0000 - 0x00007ff963810000 	C:\WINDOWS\System32\IMM32.DLL
0x00007ff95b240000 - 0x00007ff95b24c000 	C:\Program Files\Java\jdk-19\bin\vcruntime140_1.dll
0x00007ff933990000 - 0x00007ff933a1e000 	C:\Program Files\Java\jdk-19\bin\msvcp140.dll
0x00007ff8fee80000 - 0x00007ff8ffb40000 	C:\Program Files\Java\jdk-19\bin\server\jvm.dll
0x00007ff94bfd0000 - 0x00007ff94bfd9000 	C:\WINDOWS\SYSTEM32\WSOCK32.dll
0x00007ff9503d0000 - 0x00007ff9503f7000 	C:\WINDOWS\SYSTEM32\WINMM.dll
0x00007ff963110000 - 0x00007ff96317b000 	C:\WINDOWS\System32\WS2_32.dll
0x00007ff95ee90000 - 0x00007ff95eea2000 	C:\WINDOWS\SYSTEM32\kernel.appcore.dll
0x00007ff958b30000 - 0x00007ff958b3a000 	C:\Program Files\Java\jdk-19\bin\jimage.dll
0x00007ff954db0000 - 0x00007ff954f94000 	C:\WINDOWS\SYSTEM32\DBGHELP.DLL
0x00007ff954d30000 - 0x00007ff954d65000 	C:\WINDOWS\SYSTEM32\dbgcore.DLL
0x00007ff9617a0000 - 0x00007ff961822000 	C:\WINDOWS\System32\bcryptPrimitives.dll
0x00007ff94a1a0000 - 0x00007ff94a1c6000 	C:\Program Files\Java\jdk-19\bin\java.dll
0x00007ff93e9c0000 - 0x00007ff93ea97000 	C:\Program Files\Java\jdk-19\bin\jsvml.dll
0x00007ff962300000 - 0x00007ff962a45000 	C:\WINDOWS\System32\SHELL32.dll
0x00007ff95f170000 - 0x00007ff95f902000 	C:\WINDOWS\SYSTEM32\windows.storage.dll
0x00007ff961fa0000 - 0x00007ff9622f5000 	C:\WINDOWS\System32\combase.dll
0x00007ff960a30000 - 0x00007ff960a60000 	C:\WINDOWS\SYSTEM32\Wldp.dll
0x00007ff962c20000 - 0x00007ff962ccd000 	C:\WINDOWS\System32\SHCORE.dll
0x00007ff963200000 - 0x00007ff963255000 	C:\WINDOWS\System32\shlwapi.dll
0x00007ff960ff0000 - 0x00007ff96100f000 	C:\WINDOWS\SYSTEM32\profapi.dll
0x00007ff9492e0000 - 0x00007ff9492f3000 	C:\Program Files\Java\jdk-19\bin\net.dll
0x00007ff955320000 - 0x00007ff95542a000 	C:\WINDOWS\SYSTEM32\WINHTTP.dll
0x00007ff960790000 - 0x00007ff9607fa000 	C:\WINDOWS\system32\mswsock.dll
0x00007ff9474f0000 - 0x00007ff947506000 	C:\Program Files\Java\jdk-19\bin\nio.dll
0x00007ff9474d0000 - 0x00007ff9474e8000 	C:\Program Files\Java\jdk-19\bin\zip.dll
0x00007ff904e20000 - 0x00007ff904fb1000 	C:\Program Files\Java\jdk-19\bin\awt.dll
0x00007ff963570000 - 0x00007ff96363d000 	C:\WINDOWS\System32\OLEAUT32.dll
0x00007ff95e9f0000 - 0x00007ff95ea80000 	C:\WINDOWS\SYSTEM32\apphelp.dll
0x00007ff95eaa0000 - 0x00007ff95eb3e000 	C:\WINDOWS\system32\uxtheme.dll
0x00007ff963260000 - 0x00007ff963374000 	C:\WINDOWS\System32\MSCTF.dll
0x00007ff962a60000 - 0x00007ff962b8a000 	C:\WINDOWS\System32\ole32.dll
0x00007ff95ee60000 - 0x00007ff95ee8f000 	C:\WINDOWS\system32\DWMAPI.DLL
0x00007ff933170000 - 0x00007ff9331f6000 	C:\Program Files\Java\jdk-19\bin\freetype.dll
0x00007ff905760000 - 0x00007ff905826000 	C:\Program Files\Java\jdk-19\bin\fontmanager.dll
0x00007ff93eb10000 - 0x00007ff93ec35000 	C:\WINDOWS\system32\opengl32.dll
0x00007ff93eaa0000 - 0x00007ff93eacc000 	C:\WINDOWS\SYSTEM32\GLU32.dll
0x00007ff95caf0000 - 0x00007ff95cb1e000 	C:\Program Files\Java\jdk-19\bin\javajpeg.dll
0x00007ff954010000 - 0x00007ff954109000 	C:\WINDOWS\SYSTEM32\textinputframework.dll
0x00007ff95e460000 - 0x00007ff95e7be000 	C:\WINDOWS\System32\CoreUIComponents.dll
0x00007ff95e7c0000 - 0x00007ff95e8b2000 	C:\WINDOWS\System32\CoreMessaging.dll
0x00007ff95dcb0000 - 0x00007ff95de04000 	C:\WINDOWS\SYSTEM32\wintypes.dll
0x00007ff9601d0000 - 0x00007ff960203000 	C:\WINDOWS\SYSTEM32\ntmarta.dll
0x00007ff9586f0000 - 0x00007ff958700000 	C:\Program Files\Java\jdk-19\bin\verify.dll
0x00007ff9604c0000 - 0x00007ff96058b000 	C:\WINDOWS\SYSTEM32\DNSAPI.dll
0x00007ff960480000 - 0x00007ff9604bb000 	C:\WINDOWS\SYSTEM32\IPHLPAPI.DLL
0x00007ff962a50000 - 0x00007ff962a58000 	C:\WINDOWS\System32\NSI.dll
0x00007ff957c90000 - 0x00007ff957c9a000 	C:\Windows\System32\rasadhlp.dll
0x00007ff950f90000 - 0x00007ff951010000 	C:\WINDOWS\System32\fwpuclnt.dll
0x00007ff9611b0000 - 0x00007ff9611d7000 	C:\WINDOWS\System32\bcrypt.dll
0x00007ff954a70000 - 0x00007ff954a78000 	C:\Program Files\Java\jdk-19\bin\extnet.dll
0x00007ff9638c0000 - 0x00007ff963969000 	C:\WINDOWS\System32\clbcatq.dll
0x00007ff95b8e0000 - 0x00007ff95ba94000 	C:\WINDOWS\SYSTEM32\WindowsCodecs.dll
0x00007ff93d930000 - 0x00007ff93d96e000 	C:\WINDOWS\system32\dataexchange.dll
0x00007ff95de10000 - 0x00007ff95dff3000 	C:\WINDOWS\system32\dcomp.dll
0x00007ff95d020000 - 0x00007ff95d283000 	C:\WINDOWS\system32\d3d11.dll
0x00007ff95f970000 - 0x00007ff95fa63000 	C:\WINDOWS\system32\dxgi.dll
0x00007ff95bae0000 - 0x00007ff95bce0000 	C:\WINDOWS\system32\twinapi.appcore.dll

dbghelp: loaded successfully - version: 4.0.5 - missing functions: none
symbol engine: initialized successfully - sym options: 0x614 - pdb path: .;C:\Program Files\Java\jdk-19\bin;C:\WINDOWS\SYSTEM32;C:\WINDOWS\WinSxS\amd64_microsoft.windows.common-controls_6595b64144ccf1df_6.0.19041.1110_none_60b5254171f9507e;C:\Program Files\Java\jdk-19\bin\server

VM Arguments:
jvm_args: -Dfile.encoding=UTF-8 --module-path=C:\Users\user\Documents\GitHub\CarDealership\build\classes 
java_command: view.Main
java_class_path (initial): C:\Users\user\Desktop\PHY201\mysql-connector-java-5.1.38-bin.jar;C:\Users\user\Desktop\PHY201\AbsoluteLayout-RELEASE170.jar;C:\Users\user\Documents\GitHub\CarDealership\build\classes
Launcher Type: SUN_STANDARD

[Global flags]
     intx CICompilerCount                          = 3                                         {product} {ergonomic}
     uint ConcGCThreads                            = 1                                         {product} {ergonomic}
     uint G1ConcRefinementThreads                  = 4                                         {product} {ergonomic}
   size_t G1HeapRegionSize                         = 1048576                                   {product} {ergonomic}
    uintx GCDrainStackTargetSize                   = 64                                        {product} {ergonomic}
   size_t InitialHeapSize                          = 134217728                                 {product} {ergonomic}
   size_t MarkStackSize                            = 4194304                                   {product} {ergonomic}
   size_t MaxHeapSize                              = 2120220672                                {product} {ergonomic}
   size_t MaxNewSize                               = 1271922688                                {product} {ergonomic}
   size_t MinHeapDeltaBytes                        = 1048576                                   {product} {ergonomic}
   size_t MinHeapSize                              = 8388608                                   {product} {ergonomic}
    uintx NonNMethodCodeHeapSize                   = 5832780                                {pd product} {ergonomic}
    uintx NonProfiledCodeHeapSize                  = 122912730                              {pd product} {ergonomic}
    uintx ProfiledCodeHeapSize                     = 122912730                              {pd product} {ergonomic}
    uintx ReservedCodeCacheSize                    = 251658240                              {pd product} {ergonomic}
     bool SegmentedCodeCache                       = true                                      {product} {ergonomic}
   size_t SoftMaxHeapSize                          = 2120220672                             {manageable} {ergonomic}
     bool UseCompressedClassPointers               = true                           {product lp64_product} {ergonomic}
     bool UseCompressedOops                        = true                           {product lp64_product} {ergonomic}
     bool UseG1GC                                  = true                                      {product} {ergonomic}
     bool UseLargePagesIndividualAllocation        = false                                  {pd product} {ergonomic}

Logging:
Log output configuration:
 #0: stdout all=warning uptime,level,tags foldmultilines=false
 #1: stderr all=off uptime,level,tags foldmultilines=false

Environment Variables:
CLASSPATH=.;
PATH=C:\Program Files\Common Files\Oracle\Java\javapath;C:\Program Files\Java\jdk1.8.0_311\bin;C:\Program Files (x86)\Common Files\Oracle\Java\javapath;C:\WINDOWS\system32;C:\WINDOWS;C:\WINDOWS\System32\Wbem;C:\WINDOWS\System32\WindowsPowerShell\v1.0\;C:\WINDOWS\System32\OpenSSH\;C:\Program Files\Intel\WiFi\bin\;C:\Program Files\Common Files\Intel\WirelessCommon\;C:\Users\user\AppData\Local\Microsoft\WindowsApps;C:\Program Files\Intel\WiFi\bin\;C:\Program Files\Common Files\Intel\WirelessCommon\;C:\modeltech64_2020.4\win64;C:\Users\user\AppData\Local\Programs\Microsoft VS Code\bin;C:\Users\user\AppData\Local\GitHubDesktop\bin
USERNAME=user
OS=Windows_NT
PROCESSOR_IDENTIFIER=Intel64 Family 6 Model 69 Stepping 1, GenuineIntel
TMP=C:\Users\user\AppData\Local\Temp
TEMP=C:\Users\user\AppData\Local\Temp



---------------  S Y S T E M  ---------------

OS:
 Windows 10 , 64 bit Build 19041 (10.0.19041.2546)
OS uptime: 0 days 9:36 hours

CPU: total 4 (initial active 4) (2 cores per cpu, 2 threads per core) family 6 model 69 stepping 1 microcode 0x25, cx8, cmov, fxsr, ht, mmx, sse, sse2, sse3, ssse3, sse4.1, sse4.2, popcnt, lzcnt, tsc, tscinvbit, avx, avx2, aes, erms, clmul, bmi1, bmi2, fma, vzeroupper, clflush, rdtscp

Memory: 4k page, system-wide physical 8080M (964M free)
TotalPageFile size 14050M (AvailPageFile size 3M)
current process WorkingSet (physical memory assigned to process): 100M, peak: 110M
current process commit charge ("private bytes"): 232M, peak: 247M

vm_info: Java HotSpot(TM) 64-Bit Server VM (19.0.2+7-44) for windows-amd64 JRE (19.0.2+7-44), built on 2022-11-30T18:02:09Z by "mach5one" with MS VC++ 17.1 (VS2022)

END.
