#
# There is insufficient memory for the Java Runtime Environment to continue.
# Native memory allocation (malloc) failed to allocate 32744 bytes for Chunk::new
# Possible reasons:
#   The system is out of physical RAM or swap space
#   The process is running with CompressedOops enabled, and the Java Heap may be blocking the growth of the native heap
# Possible solutions:
#   Reduce memory load on the system
#   Increase physical memory or swap space
#   Check if swap backing store is full
#   Decrease Java heap size (-Xmx/-Xms)
#   Decrease number of Java threads
#   Decrease Java thread stack sizes (-Xss)
#   Set larger code cache with -XX:ReservedCodeCacheSize=
#   JVM is running with Unscaled Compressed Oops mode in which the Java heap is
#     placed in the first 4GB address space. The Java Heap base address is the
#     maximum limit for the native heap growth. Please use -XX:HeapBaseMinAddress
#     to set the Java Heap base and to place the Java Heap above 4GB virtual address.
# This output file may be truncated or incomplete.
#
#  Out of Memory Error (arena.cpp:184), pid=12956, tid=16716
#
# JRE version: Java(TM) SE Runtime Environment (19.0.2+7) (build 19.0.2+7-44)
# Java VM: Java HotSpot(TM) 64-Bit Server VM (19.0.2+7-44, mixed mode, sharing, tiered, compressed oops, compressed class ptrs, g1 gc, windows-amd64)
# No core dump will be written. Minidumps are not enabled by default on client versions of Windows
#

---------------  S U M M A R Y ------------

Command Line: -Dfile.encoding=UTF-8 --module-path=C:\Users\user\Documents\GitHub\CarDealership\build\classes view.Main

Host: Intel(R) Core(TM) i7-4510U CPU @ 2.00GHz, 4 cores, 7G,  Windows 10 , 64 bit Build 19041 (10.0.19041.2546)
Time: Mon May  1 01:59:29 2023 Middle East Daylight Time elapsed time: 4122.483930 seconds (0d 1h 8m 42s)

---------------  T H R E A D  ---------------

Current thread (0x000001f95b066450):  JavaThread "C2 CompilerThread0" daemon [_thread_in_native, id=16716, stack(0x000000642b700000,0x000000642b800000)]


Current CompileTask:
C2:4122484 1971   !   4       java.lang.ref.ReferenceQueue::remove (61 bytes)

Stack: [0x000000642b700000,0x000000642b800000]
Native frames: (J=compiled Java code, j=interpreted, Vv=VM code, C=native code)
V  [jvm.dll+0x6ee21a]
V  [jvm.dll+0x85765e]
V  [jvm.dll+0x85904e]
V  [jvm.dll+0x859703]
V  [jvm.dll+0x28298f]
V  [jvm.dll+0xc9adf]
V  [jvm.dll+0xc9e65]
V  [jvm.dll+0xc9c04]
V  [jvm.dll+0x8400ac]
V  [jvm.dll+0x253c93]
V  [jvm.dll+0x71360f]
V  [jvm.dll+0x24d817]
V  [jvm.dll+0x24b673]
V  [jvm.dll+0x1d6ce1]
V  [jvm.dll+0x25b25a]
V  [jvm.dll+0x2596e8]
V  [jvm.dll+0x807588]
V  [jvm.dll+0x80125a]
V  [jvm.dll+0x6ecf0b]
C  [ucrtbase.dll+0x21bb2]
C  [KERNEL32.DLL+0x17614]
C  [ntdll.dll+0x526a1]


---------------  P R O C E S S  ---------------

Threads class SMR info:
_java_thread_list=0x000001f95fc97a70, length=18, elements={
0x000001f95b056040, 0x000001f95b056940, 0x000001f95b05ab00, 0x000001f95b05b040,
0x000001f95b05b6c0, 0x000001f95b063c10, 0x000001f95b066450, 0x000001f95b0679e0,
0x000001f95b098080, 0x000001f95f4bfa00, 0x000001f95f58e760, 0x000001f95f5e9db0,
0x000001f95f70c160, 0x000001f95f6eefb0, 0x000001f95f7c86d0, 0x000001f93d0e8070,
0x000001f9601b9a70, 0x000001f9603a4260
}

Java Threads: ( => current thread )
  0x000001f95b056040 JavaThread "Reference Handler" daemon [_thread_blocked, id=3308, stack(0x000000642b100000,0x000000642b200000)]
  0x000001f95b056940 JavaThread "Finalizer" daemon [_thread_blocked, id=17548, stack(0x000000642b200000,0x000000642b300000)]
  0x000001f95b05ab00 JavaThread "Signal Dispatcher" daemon [_thread_blocked, id=12356, stack(0x000000642b300000,0x000000642b400000)]
  0x000001f95b05b040 JavaThread "Attach Listener" daemon [_thread_blocked, id=10600, stack(0x000000642b400000,0x000000642b500000)]
  0x000001f95b05b6c0 JavaThread "Service Thread" daemon [_thread_blocked, id=16032, stack(0x000000642b500000,0x000000642b600000)]
  0x000001f95b063c10 JavaThread "Monitor Deflation Thread" daemon [_thread_blocked, id=8792, stack(0x000000642b600000,0x000000642b700000)]
=>0x000001f95b066450 JavaThread "C2 CompilerThread0" daemon [_thread_in_native, id=16716, stack(0x000000642b700000,0x000000642b800000)]
  0x000001f95b0679e0 JavaThread "C1 CompilerThread0" daemon [_thread_blocked, id=18352, stack(0x000000642b800000,0x000000642b900000)]
  0x000001f95b098080 JavaThread "Sweeper thread" daemon [_thread_blocked, id=15028, stack(0x000000642b900000,0x000000642ba00000)]
  0x000001f95f4bfa00 JavaThread "Common-Cleaner" daemon [_thread_blocked, id=6256, stack(0x000000642ba00000,0x000000642bb00000)]
  0x000001f95f58e760 JavaThread "Notification Thread" daemon [_thread_blocked, id=14424, stack(0x000000642bb00000,0x000000642bc00000)]
  0x000001f95f5e9db0 JavaThread "Java2D Disposer" daemon [_thread_blocked, id=18148, stack(0x000000642bd00000,0x000000642be00000)]
  0x000001f95f70c160 JavaThread "AWT-Shutdown" [_thread_blocked, id=12468, stack(0x000000642be00000,0x000000642bf00000)]
  0x000001f95f6eefb0 JavaThread "AWT-Windows" daemon [_thread_in_native, id=17256, stack(0x000000642bf00000,0x000000642c000000)]
  0x000001f95f7c86d0 JavaThread "AWT-EventQueue-0" [_thread_blocked, id=2004, stack(0x000000642c000000,0x000000642c100000)]
  0x000001f93d0e8070 JavaThread "DestroyJavaVM" [_thread_blocked, id=15248, stack(0x000000642aa00000,0x000000642ab00000)]
  0x000001f9601b9a70 JavaThread "Abandoned connection cleanup thread" daemon [_thread_blocked, id=15916, stack(0x000000642c200000,0x000000642c300000)]
  0x000001f9603a4260 JavaThread "TimerQueue" daemon [_thread_blocked, id=13024, stack(0x000000642c900000,0x000000642ca00000)]

Other Threads:
  0x000001f95b038ce0 VMThread "VM Thread" [stack: 0x000000642b000000,0x000000642b100000] [id=3184]
  0x000001f95f590cb0 WatcherThread "VM Periodic Task Thread" [stack: 0x000000642bc00000,0x000000642bd00000] [id=3564]
  0x000001f93d14ac10 WorkerThread "GC Thread#0" [stack: 0x000000642ab00000,0x000000642ac00000] [id=4732]
  0x000001f9601c4de0 WorkerThread "GC Thread#1" [stack: 0x000000642c400000,0x000000642c500000] [id=8544]
  0x000001f9601c4700 WorkerThread "GC Thread#2" [stack: 0x000000642c500000,0x000000642c600000] [id=8428]
  0x000001f9601c70f0 WorkerThread "GC Thread#3" [stack: 0x000000642c600000,0x000000642c700000] [id=4264]
  0x000001f93d15b9d0 ConcurrentGCThread "G1 Main Marker" [stack: 0x000000642ac00000,0x000000642ad00000] [id=17740]
  0x000001f93d15cba0 WorkerThread "G1 Conc#0" [stack: 0x000000642ad00000,0x000000642ae00000] [id=7596]
  0x000001f95aef50d0 ConcurrentGCThread "G1 Refine#0" [stack: 0x000000642ae00000,0x000000642af00000] [id=1216]
  0x000001f95aef5c10 ConcurrentGCThread "G1 Service" [stack: 0x000000642af00000,0x000000642b000000] [id=13784]

Threads with active compile tasks:
C2 CompilerThread0  4122516 1971   !   4       java.lang.ref.ReferenceQueue::remove (61 bytes)

VM state: not at safepoint (normal execution)

VM Mutex/Monitor currently owned by a thread: None

Heap address: 0x0000000081a00000, size: 2022 MB, Compressed Oops mode: 32-bit

CDS archive(s) mapped at: [0x0000000800000000-0x0000000800c40000-0x0000000800c40000), size 12845056, SharedBaseAddress: 0x0000000800000000, ArchiveRelocationMode: 0.
Compressed class space mapped at: 0x0000000801000000-0x0000000841000000, reserved size: 1073741824
Narrow klass base: 0x0000000800000000, Narrow klass shift: 0, Narrow klass range: 0x100000000

GC Precious Log:
 CardTable entry size: 512
 Card Set container configuration: InlinePtr #cards 5 size 8 Array Of Cards #cards 12 size 40 Howl #buckets 4 coarsen threshold 1843 Howl Bitmap #cards 512 size 80 coarsen threshold 460 Card regions per heap region 1 cards per card region 2048
 CPUs: 4 total, 4 available
 Memory: 8080M
 Large Page Support: Disabled
 NUMA Support: Disabled
 Compressed Oops: Enabled (32-bit)
 Heap Region Size: 1M
 Heap Min Capacity: 8M
 Heap Initial Capacity: 128M
 Heap Max Capacity: 2022M
 Pre-touch: Disabled
 Parallel Workers: 4
 Concurrent Workers: 1
 Concurrent Refinement Workers: 4
 Periodic GC: Disabled

Heap:
 garbage-first heap   total 131072K, used 16153K [0x0000000081a00000, 0x0000000100000000)
  region size 1024K, 12 young (12288K), 2 survivors (2048K)
 Metaspace       used 14935K, committed 15232K, reserved 1114112K
  class space    used 1593K, committed 1728K, reserved 1048576K

Heap Regions: E=young(eden), S=young(survivor), O=old, HS=humongous(starts), HC=humongous(continues), CS=collection set, F=free, OA=open archive, CA=closed archive, TAMS=top-at-mark-start (previous, next)
|   0|0x0000000081a00000, 0x0000000081b00000, 0x0000000081b00000|100%|HS|  |TAMS 0x0000000081a00000, 0x0000000081a00000| Complete 
|   1|0x0000000081b00000, 0x0000000081c00000, 0x0000000081c00000|100%|HC|  |TAMS 0x0000000081b00000, 0x0000000081b00000| Complete 
|   2|0x0000000081c00000, 0x0000000081d00000, 0x0000000081d00000|100%|HS|  |TAMS 0x0000000081c00000, 0x0000000081c00000| Complete 
|   3|0x0000000081d00000, 0x0000000081e00000, 0x0000000081e00000|100%| O|  |TAMS 0x0000000081d00000, 0x0000000081d00000| Untracked 
|   4|0x0000000081e00000, 0x0000000081ec6400, 0x0000000081f00000| 77%| O|  |TAMS 0x0000000081e00000, 0x0000000081e00000| Untracked 
|   5|0x0000000081f00000, 0x0000000082000000, 0x0000000082000000|100%|HS|  |TAMS 0x0000000081f00000, 0x0000000081f00000| Complete 
|   6|0x0000000082000000, 0x0000000082000000, 0x0000000082100000|  0%| F|  |TAMS 0x0000000082000000, 0x0000000082000000| Untracked 
|   7|0x0000000082100000, 0x0000000082100000, 0x0000000082200000|  0%| F|  |TAMS 0x0000000082100000, 0x0000000082100000| Untracked 
|   8|0x0000000082200000, 0x0000000082200000, 0x0000000082300000|  0%| F|  |TAMS 0x0000000082200000, 0x0000000082200000| Untracked 
|   9|0x0000000082300000, 0x0000000082300000, 0x0000000082400000|  0%| F|  |TAMS 0x0000000082300000, 0x0000000082300000| Untracked 
|  10|0x0000000082400000, 0x0000000082400000, 0x0000000082500000|  0%| F|  |TAMS 0x0000000082400000, 0x0000000082400000| Untracked 
|  11|0x0000000082500000, 0x0000000082500000, 0x0000000082600000|  0%| F|  |TAMS 0x0000000082500000, 0x0000000082500000| Untracked 
|  12|0x0000000082600000, 0x0000000082600000, 0x0000000082700000|  0%| F|  |TAMS 0x0000000082600000, 0x0000000082600000| Untracked 
|  13|0x0000000082700000, 0x0000000082700000, 0x0000000082800000|  0%| F|  |TAMS 0x0000000082700000, 0x0000000082700000| Untracked 
|  14|0x0000000082800000, 0x0000000082800000, 0x0000000082900000|  0%| F|  |TAMS 0x0000000082800000, 0x0000000082800000| Untracked 
|  15|0x0000000082900000, 0x0000000082900000, 0x0000000082a00000|  0%| F|  |TAMS 0x0000000082900000, 0x0000000082900000| Untracked 
|  16|0x0000000082a00000, 0x0000000082a00000, 0x0000000082b00000|  0%| F|  |TAMS 0x0000000082a00000, 0x0000000082a00000| Untracked 
|  17|0x0000000082b00000, 0x0000000082b00000, 0x0000000082c00000|  0%| F|  |TAMS 0x0000000082b00000, 0x0000000082b00000| Untracked 
|  18|0x0000000082c00000, 0x0000000082c00000, 0x0000000082d00000|  0%| F|  |TAMS 0x0000000082c00000, 0x0000000082c00000| Untracked 
|  19|0x0000000082d00000, 0x0000000082d00000, 0x0000000082e00000|  0%| F|  |TAMS 0x0000000082d00000, 0x0000000082d00000| Untracked 
|  20|0x0000000082e00000, 0x0000000082e00000, 0x0000000082f00000|  0%| F|  |TAMS 0x0000000082e00000, 0x0000000082e00000| Untracked 
|  21|0x0000000082f00000, 0x0000000082f00000, 0x0000000083000000|  0%| F|  |TAMS 0x0000000082f00000, 0x0000000082f00000| Untracked 
|  22|0x0000000083000000, 0x0000000083000000, 0x0000000083100000|  0%| F|  |TAMS 0x0000000083000000, 0x0000000083000000| Untracked 
|  23|0x0000000083100000, 0x0000000083100000, 0x0000000083200000|  0%| F|  |TAMS 0x0000000083100000, 0x0000000083100000| Untracked 
|  24|0x0000000083200000, 0x0000000083200000, 0x0000000083300000|  0%| F|  |TAMS 0x0000000083200000, 0x0000000083200000| Untracked 
|  25|0x0000000083300000, 0x0000000083300000, 0x0000000083400000|  0%| F|  |TAMS 0x0000000083300000, 0x0000000083300000| Untracked 
|  26|0x0000000083400000, 0x0000000083400000, 0x0000000083500000|  0%| F|  |TAMS 0x0000000083400000, 0x0000000083400000| Untracked 
|  27|0x0000000083500000, 0x0000000083500000, 0x0000000083600000|  0%| F|  |TAMS 0x0000000083500000, 0x0000000083500000| Untracked 
|  28|0x0000000083600000, 0x0000000083600000, 0x0000000083700000|  0%| F|  |TAMS 0x0000000083600000, 0x0000000083600000| Untracked 
|  29|0x0000000083700000, 0x0000000083700000, 0x0000000083800000|  0%| F|  |TAMS 0x0000000083700000, 0x0000000083700000| Untracked 
|  30|0x0000000083800000, 0x0000000083800000, 0x0000000083900000|  0%| F|  |TAMS 0x0000000083800000, 0x0000000083800000| Untracked 
|  31|0x0000000083900000, 0x0000000083900000, 0x0000000083a00000|  0%| F|  |TAMS 0x0000000083900000, 0x0000000083900000| Untracked 
|  32|0x0000000083a00000, 0x0000000083a00000, 0x0000000083b00000|  0%| F|  |TAMS 0x0000000083a00000, 0x0000000083a00000| Untracked 
|  33|0x0000000083b00000, 0x0000000083b00000, 0x0000000083c00000|  0%| F|  |TAMS 0x0000000083b00000, 0x0000000083b00000| Untracked 
|  34|0x0000000083c00000, 0x0000000083c00000, 0x0000000083d00000|  0%| F|  |TAMS 0x0000000083c00000, 0x0000000083c00000| Untracked 
|  35|0x0000000083d00000, 0x0000000083d00000, 0x0000000083e00000|  0%| F|  |TAMS 0x0000000083d00000, 0x0000000083d00000| Untracked 
|  36|0x0000000083e00000, 0x0000000083e00000, 0x0000000083f00000|  0%| F|  |TAMS 0x0000000083e00000, 0x0000000083e00000| Untracked 
|  37|0x0000000083f00000, 0x0000000083f00000, 0x0000000084000000|  0%| F|  |TAMS 0x0000000083f00000, 0x0000000083f00000| Untracked 
|  38|0x0000000084000000, 0x0000000084000000, 0x0000000084100000|  0%| F|  |TAMS 0x0000000084000000, 0x0000000084000000| Untracked 
|  39|0x0000000084100000, 0x0000000084100000, 0x0000000084200000|  0%| F|  |TAMS 0x0000000084100000, 0x0000000084100000| Untracked 
|  40|0x0000000084200000, 0x0000000084200000, 0x0000000084300000|  0%| F|  |TAMS 0x0000000084200000, 0x0000000084200000| Untracked 
|  41|0x0000000084300000, 0x0000000084300000, 0x0000000084400000|  0%| F|  |TAMS 0x0000000084300000, 0x0000000084300000| Untracked 
|  42|0x0000000084400000, 0x0000000084400000, 0x0000000084500000|  0%| F|  |TAMS 0x0000000084400000, 0x0000000084400000| Untracked 
|  43|0x0000000084500000, 0x0000000084500000, 0x0000000084600000|  0%| F|  |TAMS 0x0000000084500000, 0x0000000084500000| Untracked 
|  44|0x0000000084600000, 0x0000000084600000, 0x0000000084700000|  0%| F|  |TAMS 0x0000000084600000, 0x0000000084600000| Untracked 
|  45|0x0000000084700000, 0x0000000084700000, 0x0000000084800000|  0%| F|  |TAMS 0x0000000084700000, 0x0000000084700000| Untracked 
|  46|0x0000000084800000, 0x0000000084800000, 0x0000000084900000|  0%| F|  |TAMS 0x0000000084800000, 0x0000000084800000| Untracked 
|  47|0x0000000084900000, 0x0000000084900000, 0x0000000084a00000|  0%| F|  |TAMS 0x0000000084900000, 0x0000000084900000| Untracked 
|  48|0x0000000084a00000, 0x0000000084a00000, 0x0000000084b00000|  0%| F|  |TAMS 0x0000000084a00000, 0x0000000084a00000| Untracked 
|  49|0x0000000084b00000, 0x0000000084b00000, 0x0000000084c00000|  0%| F|  |TAMS 0x0000000084b00000, 0x0000000084b00000| Untracked 
|  50|0x0000000084c00000, 0x0000000084c00000, 0x0000000084d00000|  0%| F|  |TAMS 0x0000000084c00000, 0x0000000084c00000| Untracked 
|  51|0x0000000084d00000, 0x0000000084d00000, 0x0000000084e00000|  0%| F|  |TAMS 0x0000000084d00000, 0x0000000084d00000| Untracked 
|  52|0x0000000084e00000, 0x0000000084e00000, 0x0000000084f00000|  0%| F|  |TAMS 0x0000000084e00000, 0x0000000084e00000| Untracked 
|  53|0x0000000084f00000, 0x0000000084f00000, 0x0000000085000000|  0%| F|  |TAMS 0x0000000084f00000, 0x0000000084f00000| Untracked 
|  54|0x0000000085000000, 0x0000000085000000, 0x0000000085100000|  0%| F|  |TAMS 0x0000000085000000, 0x0000000085000000| Untracked 
|  55|0x0000000085100000, 0x0000000085100000, 0x0000000085200000|  0%| F|  |TAMS 0x0000000085100000, 0x0000000085100000| Untracked 
|  56|0x0000000085200000, 0x0000000085200000, 0x0000000085300000|  0%| F|  |TAMS 0x0000000085200000, 0x0000000085200000| Untracked 
|  57|0x0000000085300000, 0x0000000085300000, 0x0000000085400000|  0%| F|  |TAMS 0x0000000085300000, 0x0000000085300000| Untracked 
|  58|0x0000000085400000, 0x0000000085400000, 0x0000000085500000|  0%| F|  |TAMS 0x0000000085400000, 0x0000000085400000| Untracked 
|  59|0x0000000085500000, 0x0000000085500000, 0x0000000085600000|  0%| F|  |TAMS 0x0000000085500000, 0x0000000085500000| Untracked 
|  60|0x0000000085600000, 0x0000000085600000, 0x0000000085700000|  0%| F|  |TAMS 0x0000000085600000, 0x0000000085600000| Untracked 
|  61|0x0000000085700000, 0x0000000085700000, 0x0000000085800000|  0%| F|  |TAMS 0x0000000085700000, 0x0000000085700000| Untracked 
|  62|0x0000000085800000, 0x0000000085800000, 0x0000000085900000|  0%| F|  |TAMS 0x0000000085800000, 0x0000000085800000| Untracked 
|  63|0x0000000085900000, 0x0000000085900000, 0x0000000085a00000|  0%| F|  |TAMS 0x0000000085900000, 0x0000000085900000| Untracked 
|  64|0x0000000085a00000, 0x0000000085a00000, 0x0000000085b00000|  0%| F|  |TAMS 0x0000000085a00000, 0x0000000085a00000| Untracked 
|  65|0x0000000085b00000, 0x0000000085b00000, 0x0000000085c00000|  0%| F|  |TAMS 0x0000000085b00000, 0x0000000085b00000| Untracked 
|  66|0x0000000085c00000, 0x0000000085c00000, 0x0000000085d00000|  0%| F|  |TAMS 0x0000000085c00000, 0x0000000085c00000| Untracked 
|  67|0x0000000085d00000, 0x0000000085d00000, 0x0000000085e00000|  0%| F|  |TAMS 0x0000000085d00000, 0x0000000085d00000| Untracked 
|  68|0x0000000085e00000, 0x0000000085e00000, 0x0000000085f00000|  0%| F|  |TAMS 0x0000000085e00000, 0x0000000085e00000| Untracked 
|  69|0x0000000085f00000, 0x0000000085f00000, 0x0000000086000000|  0%| F|  |TAMS 0x0000000085f00000, 0x0000000085f00000| Untracked 
|  70|0x0000000086000000, 0x0000000086000000, 0x0000000086100000|  0%| F|  |TAMS 0x0000000086000000, 0x0000000086000000| Untracked 
|  71|0x0000000086100000, 0x0000000086100000, 0x0000000086200000|  0%| F|  |TAMS 0x0000000086100000, 0x0000000086100000| Untracked 
|  72|0x0000000086200000, 0x0000000086200000, 0x0000000086300000|  0%| F|  |TAMS 0x0000000086200000, 0x0000000086200000| Untracked 
|  73|0x0000000086300000, 0x0000000086300000, 0x0000000086400000|  0%| F|  |TAMS 0x0000000086300000, 0x0000000086300000| Untracked 
|  74|0x0000000086400000, 0x0000000086400000, 0x0000000086500000|  0%| F|  |TAMS 0x0000000086400000, 0x0000000086400000| Untracked 
|  75|0x0000000086500000, 0x0000000086500000, 0x0000000086600000|  0%| F|  |TAMS 0x0000000086500000, 0x0000000086500000| Untracked 
|  76|0x0000000086600000, 0x0000000086600000, 0x0000000086700000|  0%| F|  |TAMS 0x0000000086600000, 0x0000000086600000| Untracked 
|  77|0x0000000086700000, 0x0000000086700000, 0x0000000086800000|  0%| F|  |TAMS 0x0000000086700000, 0x0000000086700000| Untracked 
|  78|0x0000000086800000, 0x0000000086800000, 0x0000000086900000|  0%| F|  |TAMS 0x0000000086800000, 0x0000000086800000| Untracked 
|  79|0x0000000086900000, 0x0000000086900000, 0x0000000086a00000|  0%| F|  |TAMS 0x0000000086900000, 0x0000000086900000| Untracked 
|  80|0x0000000086a00000, 0x0000000086a00000, 0x0000000086b00000|  0%| F|  |TAMS 0x0000000086a00000, 0x0000000086a00000| Untracked 
|  81|0x0000000086b00000, 0x0000000086b00000, 0x0000000086c00000|  0%| F|  |TAMS 0x0000000086b00000, 0x0000000086b00000| Untracked 
|  82|0x0000000086c00000, 0x0000000086c00000, 0x0000000086d00000|  0%| F|  |TAMS 0x0000000086c00000, 0x0000000086c00000| Untracked 
|  83|0x0000000086d00000, 0x0000000086d00000, 0x0000000086e00000|  0%| F|  |TAMS 0x0000000086d00000, 0x0000000086d00000| Untracked 
|  84|0x0000000086e00000, 0x0000000086e00000, 0x0000000086f00000|  0%| F|  |TAMS 0x0000000086e00000, 0x0000000086e00000| Untracked 
|  85|0x0000000086f00000, 0x0000000086f00000, 0x0000000087000000|  0%| F|  |TAMS 0x0000000086f00000, 0x0000000086f00000| Untracked 
|  86|0x0000000087000000, 0x0000000087000000, 0x0000000087100000|  0%| F|  |TAMS 0x0000000087000000, 0x0000000087000000| Untracked 
|  87|0x0000000087100000, 0x0000000087100000, 0x0000000087200000|  0%| F|  |TAMS 0x0000000087100000, 0x0000000087100000| Untracked 
|  88|0x0000000087200000, 0x0000000087200000, 0x0000000087300000|  0%| F|  |TAMS 0x0000000087200000, 0x0000000087200000| Untracked 
|  89|0x0000000087300000, 0x0000000087300000, 0x0000000087400000|  0%| F|  |TAMS 0x0000000087300000, 0x0000000087300000| Untracked 
|  90|0x0000000087400000, 0x0000000087400000, 0x0000000087500000|  0%| F|  |TAMS 0x0000000087400000, 0x0000000087400000| Untracked 
|  91|0x0000000087500000, 0x0000000087500000, 0x0000000087600000|  0%| F|  |TAMS 0x0000000087500000, 0x0000000087500000| Untracked 
|  92|0x0000000087600000, 0x0000000087600000, 0x0000000087700000|  0%| F|  |TAMS 0x0000000087600000, 0x0000000087600000| Untracked 
|  93|0x0000000087700000, 0x0000000087700000, 0x0000000087800000|  0%| F|  |TAMS 0x0000000087700000, 0x0000000087700000| Untracked 
|  94|0x0000000087800000, 0x0000000087800000, 0x0000000087900000|  0%| F|  |TAMS 0x0000000087800000, 0x0000000087800000| Untracked 
|  95|0x0000000087900000, 0x0000000087900000, 0x0000000087a00000|  0%| F|  |TAMS 0x0000000087900000, 0x0000000087900000| Untracked 
|  96|0x0000000087a00000, 0x0000000087a00000, 0x0000000087b00000|  0%| F|  |TAMS 0x0000000087a00000, 0x0000000087a00000| Untracked 
|  97|0x0000000087b00000, 0x0000000087b00000, 0x0000000087c00000|  0%| F|  |TAMS 0x0000000087b00000, 0x0000000087b00000| Untracked 
|  98|0x0000000087c00000, 0x0000000087c00000, 0x0000000087d00000|  0%| F|  |TAMS 0x0000000087c00000, 0x0000000087c00000| Untracked 
|  99|0x0000000087d00000, 0x0000000087d00000, 0x0000000087e00000|  0%| F|  |TAMS 0x0000000087d00000, 0x0000000087d00000| Untracked 
| 100|0x0000000087e00000, 0x0000000087e00000, 0x0000000087f00000|  0%| F|  |TAMS 0x0000000087e00000, 0x0000000087e00000| Untracked 
| 101|0x0000000087f00000, 0x0000000087f00000, 0x0000000088000000|  0%| F|  |TAMS 0x0000000087f00000, 0x0000000087f00000| Untracked 
| 102|0x0000000088000000, 0x0000000088000000, 0x0000000088100000|  0%| F|  |TAMS 0x0000000088000000, 0x0000000088000000| Untracked 
| 103|0x0000000088100000, 0x0000000088100000, 0x0000000088200000|  0%| F|  |TAMS 0x0000000088100000, 0x0000000088100000| Untracked 
| 104|0x0000000088200000, 0x0000000088200000, 0x0000000088300000|  0%| F|  |TAMS 0x0000000088200000, 0x0000000088200000| Untracked 
| 105|0x0000000088300000, 0x0000000088300000, 0x0000000088400000|  0%| F|  |TAMS 0x0000000088300000, 0x0000000088300000| Untracked 
| 106|0x0000000088400000, 0x0000000088400000, 0x0000000088500000|  0%| F|  |TAMS 0x0000000088400000, 0x0000000088400000| Untracked 
| 107|0x0000000088500000, 0x0000000088500000, 0x0000000088600000|  0%| F|  |TAMS 0x0000000088500000, 0x0000000088500000| Untracked 
| 108|0x0000000088600000, 0x0000000088600000, 0x0000000088700000|  0%| F|  |TAMS 0x0000000088600000, 0x0000000088600000| Untracked 
| 109|0x0000000088700000, 0x0000000088700000, 0x0000000088800000|  0%| F|  |TAMS 0x0000000088700000, 0x0000000088700000| Untracked 
| 110|0x0000000088800000, 0x0000000088800000, 0x0000000088900000|  0%| F|  |TAMS 0x0000000088800000, 0x0000000088800000| Untracked 
| 111|0x0000000088900000, 0x0000000088900000, 0x0000000088a00000|  0%| F|  |TAMS 0x0000000088900000, 0x0000000088900000| Untracked 
| 112|0x0000000088a00000, 0x0000000088a00000, 0x0000000088b00000|  0%| F|  |TAMS 0x0000000088a00000, 0x0000000088a00000| Untracked 
| 113|0x0000000088b00000, 0x0000000088c00000, 0x0000000088c00000|100%| S|CS|TAMS 0x0000000088b00000, 0x0000000088b00000| Complete 
| 114|0x0000000088c00000, 0x0000000088d00000, 0x0000000088d00000|100%| S|CS|TAMS 0x0000000088c00000, 0x0000000088c00000| Complete 
| 115|0x0000000088d00000, 0x0000000088d00000, 0x0000000088e00000|  0%| F|  |TAMS 0x0000000088d00000, 0x0000000088d00000| Untracked 
| 116|0x0000000088e00000, 0x0000000088e00000, 0x0000000088f00000|  0%| F|  |TAMS 0x0000000088e00000, 0x0000000088e00000| Untracked 
| 117|0x0000000088f00000, 0x0000000088f00000, 0x0000000089000000|  0%| F|  |TAMS 0x0000000088f00000, 0x0000000088f00000| Untracked 
| 118|0x0000000089000000, 0x0000000089044208, 0x0000000089100000| 26%| E|  |TAMS 0x0000000089000000, 0x0000000089000000| Complete 
| 119|0x0000000089100000, 0x0000000089200000, 0x0000000089200000|100%| E|  |TAMS 0x0000000089100000, 0x0000000089100000| Complete 
| 120|0x0000000089200000, 0x0000000089300000, 0x0000000089300000|100%| E|CS|TAMS 0x0000000089200000, 0x0000000089200000| Complete 
| 121|0x0000000089300000, 0x0000000089400000, 0x0000000089400000|100%| E|CS|TAMS 0x0000000089300000, 0x0000000089300000| Complete 
| 122|0x0000000089400000, 0x0000000089500000, 0x0000000089500000|100%| E|CS|TAMS 0x0000000089400000, 0x0000000089400000| Complete 
| 123|0x0000000089500000, 0x0000000089600000, 0x0000000089600000|100%| E|CS|TAMS 0x0000000089500000, 0x0000000089500000| Complete 
| 124|0x0000000089600000, 0x0000000089700000, 0x0000000089700000|100%| E|CS|TAMS 0x0000000089600000, 0x0000000089600000| Complete 
| 125|0x0000000089700000, 0x0000000089800000, 0x0000000089800000|100%| E|CS|TAMS 0x0000000089700000, 0x0000000089700000| Complete 
| 126|0x0000000089800000, 0x0000000089900000, 0x0000000089900000|100%| E|CS|TAMS 0x0000000089800000, 0x0000000089800000| Complete 
| 127|0x0000000089900000, 0x0000000089a00000, 0x0000000089a00000|100%| E|CS|TAMS 0x0000000089900000, 0x0000000089900000| Complete 

Card table byte_map: [0x000001f954460000,0x000001f954860000] _byte_map_base: 0x000001f954053000

Marking Bits (Prev, Next): (CMBitMap*) 0x000001f93d14b240, (CMBitMap*) 0x000001f93d14b280
 Prev Bits: [0x000001f954c60000, 0x000001f956bf8000)
 Next Bits: [0x000001f956c00000, 0x000001f958b98000)

Polling page: 0x000001f93af40000

Metaspace:

Usage:
  Non-class:     13.03 MB used.
      Class:      1.56 MB used.
       Both:     14.59 MB used.

Virtual space:
  Non-class space:       64.00 MB reserved,      13.19 MB ( 21%) committed,  1 nodes.
      Class space:        1.00 GB reserved,       1.69 MB ( <1%) committed,  1 nodes.
             Both:        1.06 GB reserved,      14.88 MB (  1%) committed. 

Chunk freelists:
   Non-Class:  2.38 MB
       Class:  2.23 MB
        Both:  4.60 MB

MaxMetaspaceSize: unlimited
CompressedClassSpaceSize: 1.00 GB
Initial GC threshold: 21.00 MB
Current GC threshold: 21.00 MB
CDS: on
MetaspaceReclaimPolicy: balanced
 - commit_granule_bytes: 65536.
 - commit_granule_words: 8192.
 - virtual_space_node_default_size: 8388608.
 - enlarge_chunks_in_place: 1.
 - new_chunks_are_fully_committed: 0.
 - uncommit_free_chunks: 1.
 - use_allocation_guard: 0.


Internal statistics:

num_allocs_failed_limit: 0.
num_arena_births: 256.
num_arena_deaths: 0.
num_vsnodes_births: 2.
num_vsnodes_deaths: 0.
num_space_committed: 238.
num_space_uncommitted: 0.
num_chunks_returned_to_freelist: 0.
num_chunks_taken_from_freelist: 410.
num_chunk_merges: 0.
num_chunk_splits: 280.
num_chunks_enlarged: 187.
num_inconsistent_stats: 0.

CodeHeap 'non-profiled nmethods': size=120000Kb used=602Kb max_used=602Kb free=119397Kb
 bounds [0x000001f94cb30000, 0x000001f94cda0000, 0x000001f954060000]
CodeHeap 'profiled nmethods': size=120000Kb used=3573Kb max_used=3573Kb free=116426Kb
 bounds [0x000001f945060000, 0x000001f9453e0000, 0x000001f94c590000]
CodeHeap 'non-nmethods': size=5760Kb used=1464Kb max_used=1481Kb free=4295Kb
 bounds [0x000001f94c590000, 0x000001f94c800000, 0x000001f94cb30000]
 total_blobs=2707 nmethods=1969 adapters=648
 compilation: enabled
              stopped_count=0, restarted_count=0
 full_count=0

Compilation events (20 events):
Event: 499.168 Thread 0x000001f95b0679e0 nmethod 1965 0x000001f9453d8f10 code [0x000001f9453d9180, 0x000001f9453d9d18]
Event: 499.168 Thread 0x000001f95b0679e0 1959       3       java.lang.invoke.MethodHandle::asTypeUncached (54 bytes)
Event: 499.169 Thread 0x000001f95b0679e0 nmethod 1959 0x000001f9453da110 code [0x000001f9453da3c0, 0x000001f9453dae48]
Event: 499.169 Thread 0x000001f95b0679e0 1960       3       java.lang.invoke.MethodType::isConvertibleTo (164 bytes)
Event: 499.170 Thread 0x000001f95b0679e0 nmethod 1960 0x000001f9453db310 code [0x000001f9453db560, 0x000001f9453dbee8]
Event: 499.170 Thread 0x000001f95b0679e0 1961       3       java.lang.invoke.MethodHandleImpl::makePairwiseConvert (8 bytes)
Event: 499.170 Thread 0x000001f95b0679e0 nmethod 1961 0x000001f9453dc190 code [0x000001f9453dc340, 0x000001f9453dc468]
Event: 499.170 Thread 0x000001f95b0679e0 1962       3       java.lang.invoke.MethodHandleImpl::makePairwiseConvert (22 bytes)
Event: 499.170 Thread 0x000001f95b0679e0 nmethod 1962 0x000001f9453dc510 code [0x000001f9453dc6c0, 0x000001f9453dc8e8]
Event: 499.342 Thread 0x000001f95b066450 1966       4       java.util.HashMap::putVal (300 bytes)
Event: 499.374 Thread 0x000001f95b066450 nmethod 1966 0x000001f94cbc4b90 code [0x000001f94cbc4da0, 0x000001f94cbc58b0]
Event: 499.493 Thread 0x000001f95b0679e0 1967   !   3       java.awt.Toolkit::setDesktopProperty (81 bytes)
Event: 499.494 Thread 0x000001f95b0679e0 nmethod 1967 0x000001f9453dca10 code [0x000001f9453dcc20, 0x000001f9453dd468]
Event: 4081.563 Thread 0x000001f95b066450 1968       4       java.util.concurrent.locks.ReentrantLock$NonfairSync::initialTryLock (58 bytes)
Event: 4081.565 Thread 0x000001f95b066450 nmethod 1968 0x000001f94cbc5f90 code [0x000001f94cbc6120, 0x000001f94cbc62b8]
Event: 4089.304 Thread 0x000001f95b066450 1969       4       java.util.concurrent.locks.AbstractQueuedSynchronizer$Node::getAndUnsetStatus (14 bytes)
Event: 4089.305 Thread 0x000001f95b066450 nmethod 1969 0x000001f94cbc6390 code [0x000001f94cbc6520, 0x000001f94cbc65d8]
Event: 4102.116 Thread 0x000001f95b066450 1970   !   4       java.util.concurrent.locks.LockSupport::parkNanos (56 bytes)
Event: 4102.119 Thread 0x000001f95b066450 nmethod 1970 0x000001f94cbc6690 code [0x000001f94cbc6820, 0x000001f94cbc6a78]
Event: 4122.474 Thread 0x000001f95b066450 1971   !   4       java.lang.ref.ReferenceQueue::remove (61 bytes)

GC Heap History (2 events):
Event: 2.805 GC heap before
{Heap before GC invocations=0 (full 0):
 garbage-first heap   total 131072K, used 16384K [0x0000000081a00000, 0x0000000100000000)
  region size 1024K, 13 young (13312K), 0 survivors (0K)
 Metaspace       used 9786K, committed 10048K, reserved 1114112K
  class space    used 1082K, committed 1216K, reserved 1048576K
}
Event: 2.816 GC heap after
{Heap after GC invocations=1 (full 0):
 garbage-first heap   total 131072K, used 6937K [0x0000000081a00000, 0x0000000100000000)
  region size 1024K, 2 young (2048K), 2 survivors (2048K)
 Metaspace       used 9786K, committed 10048K, reserved 1114112K
  class space    used 1082K, committed 1216K, reserved 1048576K
}

Dll operation events (12 events):
Event: 0.015 Loaded shared library C:\Program Files\Java\jdk-19\bin\java.dll
Event: 0.032 Loaded shared library C:\Program Files\Java\jdk-19\bin\jsvml.dll
Event: 0.111 Loaded shared library C:\Program Files\Java\jdk-19\bin\net.dll
Event: 0.113 Loaded shared library C:\Program Files\Java\jdk-19\bin\nio.dll
Event: 0.160 Loaded shared library C:\Program Files\Java\jdk-19\bin\zip.dll
Event: 0.183 Loaded shared library C:\Program Files\Java\jdk-19\bin\jimage.dll
Event: 0.207 Loaded shared library C:\Program Files\Java\jdk-19\bin\awt.dll
Event: 0.410 Loaded shared library C:\Program Files\Java\jdk-19\bin\freetype.dll
Event: 0.412 Loaded shared library C:\Program Files\Java\jdk-19\bin\fontmanager.dll
Event: 0.696 Loaded shared library C:\Program Files\Java\jdk-19\bin\javajpeg.dll
Event: 2.744 Loaded shared library C:\Program Files\Java\jdk-19\bin\verify.dll
Event: 3.158 Loaded shared library C:\Program Files\Java\jdk-19\bin\extnet.dll

Deoptimization events (20 events):
Event: 6.187 Thread 0x000001f95f7c86d0 DEOPT PACKING pc=0x000001f94cbb8dc8 sp=0x000000642c0fd890
Event: 6.187 Thread 0x000001f95f7c86d0 DEOPT UNPACKING pc=0x000001f94c5f6da3 sp=0x000000642c0fd848 mode 2
Event: 6.187 Thread 0x000001f95f7c86d0 Uncommon trap: trap_request=0xffffffbe fr.pc=0x000001f94cbb5010 relative=0x00000000000007b0
Event: 6.187 Thread 0x000001f95f7c86d0 Uncommon trap: reason=profile_predicate action=maybe_recompile pc=0x000001f94cbb5010 method=java.awt.LinearGradientPaintContext.fillRaster([IIIIIII)V @ 50 c2
Event: 6.187 Thread 0x000001f95f7c86d0 DEOPT PACKING pc=0x000001f94cbb5010 sp=0x000000642c0fd870
Event: 6.187 Thread 0x000001f95f7c86d0 DEOPT UNPACKING pc=0x000001f94c5f6da3 sp=0x000000642c0fd858 mode 2
Event: 6.187 Thread 0x000001f95f7c86d0 Uncommon trap: trap_request=0xffffffbe fr.pc=0x000001f94cbb8dc8 relative=0x0000000000000668
Event: 6.187 Thread 0x000001f95f7c86d0 Uncommon trap: reason=profile_predicate action=maybe_recompile pc=0x000001f94cbb8dc8 method=java.awt.LinearGradientPaintContext.fillRaster([IIIIIII)V @ 53 c2
Event: 6.187 Thread 0x000001f95f7c86d0 DEOPT PACKING pc=0x000001f94cbb8dc8 sp=0x000000642c0fd890
Event: 6.187 Thread 0x000001f95f7c86d0 DEOPT UNPACKING pc=0x000001f94c5f6da3 sp=0x000000642c0fd848 mode 2
Event: 6.346 Thread 0x000001f95f7c86d0 DEOPT PACKING pc=0x000001f94524b2d7 sp=0x000000642c0fd480
Event: 6.346 Thread 0x000001f95f7c86d0 DEOPT UNPACKING pc=0x000001f94c5f7543 sp=0x000000642c0fc900 mode 0
Event: 6.349 Thread 0x000001f95f7c86d0 Uncommon trap: trap_request=0xffffffde fr.pc=0x000001f94cb5f544 relative=0x0000000000000a24
Event: 6.349 Thread 0x000001f95f7c86d0 Uncommon trap: reason=class_check action=maybe_recompile pc=0x000001f94cb5f544 method=java.util.HashMap.putVal(ILjava/lang/Object;Ljava/lang/Object;ZZ)Ljava/lang/Object; @ 203 c2
Event: 6.349 Thread 0x000001f95f7c86d0 DEOPT PACKING pc=0x000001f94cb5f544 sp=0x000000642c0fdb90
Event: 6.349 Thread 0x000001f95f7c86d0 DEOPT UNPACKING pc=0x000001f94c5f6da3 sp=0x000000642c0fdac8 mode 2
Event: 6.352 Thread 0x000001f95f7c86d0 Uncommon trap: trap_request=0xffffff45 fr.pc=0x000001f94cb51638 relative=0x0000000000000098
Event: 6.353 Thread 0x000001f95f7c86d0 Uncommon trap: reason=unstable_if action=reinterpret pc=0x000001f94cb51638 method=java.util.HashMap.hash(Ljava/lang/Object;)I @ 1 c2
Event: 6.353 Thread 0x000001f95f7c86d0 DEOPT PACKING pc=0x000001f94cb51638 sp=0x000000642c0fe060
Event: 6.353 Thread 0x000001f95f7c86d0 DEOPT UNPACKING pc=0x000001f94c5f6da3 sp=0x000000642c0fdff8 mode 2

Classes loaded (20 events):
Event: 6.366 Loading class javax/swing/GroupLayout$AutoPreferredGapMatch
Event: 6.367 Loading class javax/swing/GroupLayout$AutoPreferredGapMatch done
Event: 6.369 Loading class javax/swing/GroupLayout$1
Event: 6.369 Loading class javax/swing/GroupLayout$1 done
Event: 6.369 Loading class java/awt/Component$BaselineResizeBehavior
Event: 6.369 Loading class java/awt/Component$BaselineResizeBehavior done
Event: 6.369 Loading class javax/swing/GroupLayout$SpringDelta
Event: 6.369 Loading class javax/swing/GroupLayout$SpringDelta done
Event: 6.369 Loading class javax/swing/LayoutStyle
Event: 6.370 Loading class javax/swing/LayoutStyle done
Event: 6.370 Loading class sun/swing/DefaultLayoutStyle
Event: 6.370 Loading class sun/swing/DefaultLayoutStyle done
Event: 6.412 Loading class javax/swing/JToggleButton$1
Event: 6.413 Loading class javax/swing/JToggleButton$1 done
Event: 8.733 Loading class java/awt/event/ItemEvent
Event: 8.734 Loading class java/awt/event/ItemEvent done
Event: 510.113 Loading class java/awt/desktop/SystemSleepListener
Event: 510.113 Loading class java/awt/desktop/SystemEventListener
Event: 510.113 Loading class java/awt/desktop/SystemEventListener done
Event: 510.113 Loading class java/awt/desktop/SystemSleepListener done

Classes unloaded (0 events):
No events

Classes redefined (0 events):
No events

Internal exceptions (20 events):
Event: 0.552 Thread 0x000001f95f7c86d0 Exception <a 'java/lang/NoSuchMethodError'{0x00000000893339f0}: 'java.lang.Object java.lang.invoke.DirectMethodHandle$Holder.invokeStatic(java.lang.Object, java.lang.Object, java.lang.Object, java.lang.Object, int)'> (0x00000000893339f0) 
thrown [s\open\src\hotspot\share\interpreter\linkResolver.cpp, line 774]
Event: 0.554 Thread 0x000001f95f7c86d0 Exception <a 'java/lang/NoSuchMethodError'{0x000000008933c3f8}: 'int java.lang.invoke.DirectMethodHandle$Holder.invokeSpecial(java.lang.Object, java.lang.Object, java.lang.Object)'> (0x000000008933c3f8) 
thrown [s\open\src\hotspot\share\interpreter\linkResolver.cpp, line 774]
Event: 0.678 Thread 0x000001f95fd6b450 Exception <a 'java/lang/NoSuchMethodError'{0x000000008915dc58}: 'java.lang.Object java.lang.invoke.DirectMethodHandle$Holder.newInvokeSpecial(java.lang.Object, java.lang.Object, java.lang.Object, int, int, int, int, int)'> (0x000000008915dc58) 
thrown [s\open\src\hotspot\share\interpreter\linkResolver.cpp, line 774]
Event: 0.729 Thread 0x000001f95f6eefb0 Exception <a 'java/lang/NoSuchMethodError'{0x0000000089694e80}: 'void java.lang.invoke.DirectMethodHandle$Holder.invokeVirtual(java.lang.Object, java.lang.Object)'> (0x0000000089694e80) 
thrown [s\open\src\hotspot\share\interpreter\linkResolver.cpp, line 774]
Event: 0.749 Thread 0x000001f95f7c86d0 Exception <a 'java/lang/NoSuchMethodError'{0x0000000088f8fe30}: 'void java.lang.invoke.DirectMethodHandle$Holder.invokeStaticInit(java.lang.Object)'> (0x0000000088f8fe30) 
thrown [s\open\src\hotspot\share\interpreter\linkResolver.cpp, line 774]
Event: 2.782 Thread 0x000001f95f7c86d0 Exception <a 'java/lang/NoSuchMethodError'{0x0000000088db1050}: 'java.lang.Object java.lang.invoke.DirectMethodHandle$Holder.invokeInterface(java.lang.Object, java.lang.Object)'> (0x0000000088db1050) 
thrown [s\open\src\hotspot\share\interpreter\linkResolver.cpp, line 774]
Event: 2.912 Thread 0x000001f95f7c86d0 Exception <a 'java/lang/NoSuchMethodError'{0x00000000898d6450}: 'java.lang.Object java.lang.invoke.DirectMethodHandle$Holder.newInvokeSpecial(java.lang.Object, java.lang.Object, int, java.lang.Object, java.lang.Object, java.lang.Object)'> (0x00000000898d6450) 
thrown [s\open\src\hotspot\share\interpreter\linkResolver.cpp, line 774]
Event: 2.913 Thread 0x000001f95f7c86d0 Exception <a 'java/lang/NoSuchMethodError'{0x00000000898de430}: 'java.lang.Object java.lang.invoke.DelegatingMethodHandle$Holder.reinvoke_L(java.lang.Object, java.lang.Object, int, java.lang.Object, java.lang.Object, java.lang.Object)'> (0x00000000898de430) 
thrown [s\open\src\hotspot\share\interpreter\linkResolver.cpp, line 774]
Event: 2.916 Thread 0x000001f95f7c86d0 Exception <a 'java/lang/NoSuchMethodError'{0x00000000898f28e8}: 'java.lang.Object java.lang.invoke.DirectMethodHandle$Holder.invokeStatic(java.lang.Object, java.lang.Object, int)'> (0x00000000898f28e8) 
thrown [s\open\src\hotspot\share\interpreter\linkResolver.cpp, line 774]
Event: 2.918 Thread 0x000001f95f7c86d0 Exception <a 'java/lang/NoSuchMethodError'{0x00000000898fdde8}: 'void java.lang.invoke.DelegatingMethodHandle$Holder.delegate(java.lang.Object, java.lang.Object, int, java.lang.Object)'> (0x00000000898fdde8) 
thrown [s\open\src\hotspot\share\interpreter\linkResolver.cpp, line 774]
Event: 3.160 Thread 0x000001f95f7c86d0 Exception <a 'java/lang/NoSuchMethodError'{0x0000000089554e78}: 'void java.lang.invoke.DirectMethodHandle$Holder.invokeStatic(java.lang.Object, java.lang.Object)'> (0x0000000089554e78) 
thrown [s\open\src\hotspot\share\interpreter\linkResolver.cpp, line 774]
Event: 3.282 Thread 0x000001f95f7c86d0 Exception <a 'java/lang/NoSuchMethodError'{0x00000000895e4900}: 'java.lang.Object java.lang.invoke.DirectMethodHandle$Holder.newInvokeSpecial(java.lang.Object, java.lang.Object, java.lang.Object, java.lang.Object, java.lang.Object, java.lang.Object)'> (0x00000000895e4900) 
thrown [s\open\src\hotspot\share\interpreter\linkResolver.cpp, line 774]
Event: 3.299 Thread 0x000001f95f7c86d0 Exception <a 'java/lang/NoSuchMethodError'{0x0000000089439e30}: 'long java.lang.invoke.DirectMethodHandle$Holder.invokeStatic(java.lang.Object, java.lang.Object, int)'> (0x0000000089439e30) 
thrown [s\open\src\hotspot\share\interpreter\linkResolver.cpp, line 774]
Event: 3.301 Thread 0x000001f95f7c86d0 Exception <a 'java/lang/NoSuchMethodError'{0x0000000089444a20}: 'java.lang.Object java.lang.invoke.DelegatingMethodHandle$Holder.reinvoke_L(java.lang.Object, long, long, java.lang.Object, java.lang.Object)'> (0x0000000089444a20) 
thrown [s\open\src\hotspot\share\interpreter\linkResolver.cpp, line 774]
Event: 6.186 Thread 0x000001f95f7c86d0 Implicit null exception at 0x000001f94cbb8855 to 0x000001f94cbb8d8e
Event: 6.187 Thread 0x000001f95f7c86d0 Implicit null exception at 0x000001f94cbb492a to 0x000001f94cbb4fc8
Event: 6.187 Thread 0x000001f95f7c86d0 Implicit null exception at 0x000001f94cbb8855 to 0x000001f94cbb8d8e
Event: 6.187 Thread 0x000001f95f7c86d0 Implicit null exception at 0x000001f94cbb492a to 0x000001f94cbb4fc8
Event: 6.187 Thread 0x000001f95f7c86d0 Implicit null exception at 0x000001f94cbb8855 to 0x000001f94cbb8d8e
Event: 6.352 Thread 0x000001f95f7c86d0 Implicit null exception at 0x000001f94cb515af to 0x000001f94cb51629

VM Operations (20 events):
Event: 5.323 Executing VM operation: Cleanup
Event: 5.323 Executing VM operation: Cleanup done
Event: 5.531 Executing VM operation: HandshakeAllThreads
Event: 5.531 Executing VM operation: HandshakeAllThreads done
Event: 6.541 Executing VM operation: Cleanup
Event: 6.541 Executing VM operation: Cleanup done
Event: 7.551 Executing VM operation: Cleanup
Event: 7.551 Executing VM operation: Cleanup done
Event: 9.570 Executing VM operation: Cleanup
Event: 9.570 Executing VM operation: Cleanup done
Event: 30.743 Executing VM operation: Cleanup
Event: 30.743 Executing VM operation: Cleanup done
Event: 269.551 Executing VM operation: Cleanup
Event: 269.551 Executing VM operation: Cleanup done
Event: 482.099 Executing VM operation: Cleanup
Event: 482.099 Executing VM operation: Cleanup done
Event: 500.242 Executing VM operation: Cleanup
Event: 500.242 Executing VM operation: Cleanup done
Event: 4082.141 Executing VM operation: Cleanup
Event: 4082.141 Executing VM operation: Cleanup done

Events (20 events):
Event: 0.052 Thread 0x000001f95b05b040 Thread added: 0x000001f95b05b040
Event: 0.052 Thread 0x000001f95b05b6c0 Thread added: 0x000001f95b05b6c0
Event: 0.052 Thread 0x000001f95b063c10 Thread added: 0x000001f95b063c10
Event: 0.053 Thread 0x000001f95b066450 Thread added: 0x000001f95b066450
Event: 0.053 Thread 0x000001f95b0679e0 Thread added: 0x000001f95b0679e0
Event: 0.053 Thread 0x000001f95b098080 Thread added: 0x000001f95b098080
Event: 0.092 Thread 0x000001f95f4bfa00 Thread added: 0x000001f95f4bfa00
Event: 0.147 Thread 0x000001f95f58e760 Thread added: 0x000001f95f58e760
Event: 0.296 Thread 0x000001f95f5e9db0 Thread added: 0x000001f95f5e9db0
Event: 0.297 Thread 0x000001f95f70c160 Thread added: 0x000001f95f70c160
Event: 0.298 Thread 0x000001f95f6eefb0 Thread added: 0x000001f95f6eefb0
Event: 0.499 Thread 0x000001f95f7c86d0 Thread added: 0x000001f95f7c86d0
Event: 0.499 Thread 0x000001f93d0e8070 Thread exited: 0x000001f93d0e8070
Event: 0.499 Thread 0x000001f93d0e8070 Thread added: 0x000001f93d0e8070
Event: 0.586 Thread 0x000001f95fd6b450 Thread added: 0x000001f95fd6b450
Event: 2.748 Thread 0x000001f9601b9a70 Thread added: 0x000001f9601b9a70
Event: 2.797 Thread 0x000001f9601bda80 Thread added: 0x000001f9601bda80
Event: 3.265 Thread 0x000001f9601bda80 Thread exited: 0x000001f9601bda80
Event: 3.499 Thread 0x000001f9603a4260 Thread added: 0x000001f9603a4260
Event: 8.376 Thread 0x000001f95fd6b450 Thread exited: 0x000001f95fd6b450


Dynamic libraries:
0x00007ff61c130000 - 0x00007ff61c140000 	C:\Program Files\Java\jdk-19\bin\java.exe
0x00007ff9639b0000 - 0x00007ff963ba8000 	C:\WINDOWS\SYSTEM32\ntdll.dll
0x00007ff963380000 - 0x00007ff96343f000 	C:\WINDOWS\System32\KERNEL32.DLL
0x00007ff9614c0000 - 0x00007ff961792000 	C:\WINDOWS\System32\KERNELBASE.dll
0x00007ff9610b0000 - 0x00007ff9611b0000 	C:\WINDOWS\System32\ucrtbase.dll
0x00007ff95ce00000 - 0x00007ff95ce1b000 	C:\Program Files\Java\jdk-19\bin\VCRUNTIME140.dll
0x00007ff947570000 - 0x00007ff947588000 	C:\Program Files\Java\jdk-19\bin\jli.dll
0x00007ff963810000 - 0x00007ff9638be000 	C:\WINDOWS\System32\ADVAPI32.dll
0x00007ff961ed0000 - 0x00007ff961f6e000 	C:\WINDOWS\System32\msvcrt.dll
0x00007ff962ea0000 - 0x00007ff962f3c000 	C:\WINDOWS\System32\sechost.dll
0x00007ff963440000 - 0x00007ff963564000 	C:\WINDOWS\System32\RPCRT4.dll
0x00007ff962f40000 - 0x00007ff9630e1000 	C:\WINDOWS\System32\USER32.dll
0x00007ff9613f0000 - 0x00007ff961412000 	C:\WINDOWS\System32\win32u.dll
0x00007ff961f70000 - 0x00007ff961f9b000 	C:\WINDOWS\System32\GDI32.dll
0x00007ff94f6b0000 - 0x00007ff94f94a000 	C:\WINDOWS\WinSxS\amd64_microsoft.windows.common-controls_6595b64144ccf1df_6.0.19041.1110_none_60b5254171f9507e\COMCTL32.dll
0x00007ff9612e0000 - 0x00007ff9613ef000 	C:\WINDOWS\System32\gdi32full.dll
0x00007ff961420000 - 0x00007ff9614bd000 	C:\WINDOWS\System32\msvcp_win.dll
0x00007ff9561a0000 - 0x00007ff9561aa000 	C:\WINDOWS\SYSTEM32\VERSION.dll
0x00007ff9637e0000 - 0x00007ff963810000 	C:\WINDOWS\System32\IMM32.DLL
0x00007ff95b240000 - 0x00007ff95b24c000 	C:\Program Files\Java\jdk-19\bin\vcruntime140_1.dll
0x00007ff933990000 - 0x00007ff933a1e000 	C:\Program Files\Java\jdk-19\bin\msvcp140.dll
0x00007ff8fee80000 - 0x00007ff8ffb40000 	C:\Program Files\Java\jdk-19\bin\server\jvm.dll
0x00007ff94bfd0000 - 0x00007ff94bfd9000 	C:\WINDOWS\SYSTEM32\WSOCK32.dll
0x00007ff963110000 - 0x00007ff96317b000 	C:\WINDOWS\System32\WS2_32.dll
0x00007ff9503d0000 - 0x00007ff9503f7000 	C:\WINDOWS\SYSTEM32\WINMM.dll
0x00007ff95ee90000 - 0x00007ff95eea2000 	C:\WINDOWS\SYSTEM32\kernel.appcore.dll
0x00007ff958b30000 - 0x00007ff958b3a000 	C:\Program Files\Java\jdk-19\bin\jimage.dll
0x00007ff954db0000 - 0x00007ff954f94000 	C:\WINDOWS\SYSTEM32\DBGHELP.DLL
0x00007ff954d30000 - 0x00007ff954d65000 	C:\WINDOWS\SYSTEM32\dbgcore.DLL
0x00007ff9617a0000 - 0x00007ff961822000 	C:\WINDOWS\System32\bcryptPrimitives.dll
0x00007ff94a1a0000 - 0x00007ff94a1c6000 	C:\Program Files\Java\jdk-19\bin\java.dll
0x00007ff93e9c0000 - 0x00007ff93ea97000 	C:\Program Files\Java\jdk-19\bin\jsvml.dll
0x00007ff962300000 - 0x00007ff962a45000 	C:\WINDOWS\System32\SHELL32.dll
0x00007ff95f170000 - 0x00007ff95f902000 	C:\WINDOWS\SYSTEM32\windows.storage.dll
0x00007ff961fa0000 - 0x00007ff9622f5000 	C:\WINDOWS\System32\combase.dll
0x00007ff960a30000 - 0x00007ff960a60000 	C:\WINDOWS\SYSTEM32\Wldp.dll
0x00007ff962c20000 - 0x00007ff962ccd000 	C:\WINDOWS\System32\SHCORE.dll
0x00007ff963200000 - 0x00007ff963255000 	C:\WINDOWS\System32\shlwapi.dll
0x00007ff960ff0000 - 0x00007ff96100f000 	C:\WINDOWS\SYSTEM32\profapi.dll
0x00007ff9492e0000 - 0x00007ff9492f3000 	C:\Program Files\Java\jdk-19\bin\net.dll
0x00007ff955320000 - 0x00007ff95542a000 	C:\WINDOWS\SYSTEM32\WINHTTP.dll
0x00007ff960790000 - 0x00007ff9607fa000 	C:\WINDOWS\system32\mswsock.dll
0x00007ff9474f0000 - 0x00007ff947506000 	C:\Program Files\Java\jdk-19\bin\nio.dll
0x00007ff9474d0000 - 0x00007ff9474e8000 	C:\Program Files\Java\jdk-19\bin\zip.dll
0x00007ff904e20000 - 0x00007ff904fb1000 	C:\Program Files\Java\jdk-19\bin\awt.dll
0x00007ff963570000 - 0x00007ff96363d000 	C:\WINDOWS\System32\OLEAUT32.dll
0x00007ff95e9f0000 - 0x00007ff95ea80000 	C:\WINDOWS\SYSTEM32\apphelp.dll
0x00007ff95eaa0000 - 0x00007ff95eb3e000 	C:\WINDOWS\system32\uxtheme.dll
0x00007ff963260000 - 0x00007ff963374000 	C:\WINDOWS\System32\MSCTF.dll
0x00007ff962a60000 - 0x00007ff962b8a000 	C:\WINDOWS\System32\ole32.dll
0x00007ff95ee60000 - 0x00007ff95ee8f000 	C:\WINDOWS\system32\DWMAPI.DLL
0x00007ff933170000 - 0x00007ff9331f6000 	C:\Program Files\Java\jdk-19\bin\freetype.dll
0x00007ff905760000 - 0x00007ff905826000 	C:\Program Files\Java\jdk-19\bin\fontmanager.dll
0x00007ff93eb10000 - 0x00007ff93ec35000 	C:\WINDOWS\system32\opengl32.dll
0x00007ff93eaa0000 - 0x00007ff93eacc000 	C:\WINDOWS\SYSTEM32\GLU32.dll
0x00007ff95caf0000 - 0x00007ff95cb1e000 	C:\Program Files\Java\jdk-19\bin\javajpeg.dll
0x00007ff954010000 - 0x00007ff954109000 	C:\WINDOWS\SYSTEM32\textinputframework.dll
0x00007ff95e7c0000 - 0x00007ff95e8b2000 	C:\WINDOWS\System32\CoreMessaging.dll
0x00007ff95e460000 - 0x00007ff95e7be000 	C:\WINDOWS\System32\CoreUIComponents.dll
0x00007ff95dcb0000 - 0x00007ff95de04000 	C:\WINDOWS\SYSTEM32\wintypes.dll
0x00007ff9601d0000 - 0x00007ff960203000 	C:\WINDOWS\SYSTEM32\ntmarta.dll
0x00007ff9586f0000 - 0x00007ff958700000 	C:\Program Files\Java\jdk-19\bin\verify.dll
0x00007ff9604c0000 - 0x00007ff96058b000 	C:\WINDOWS\SYSTEM32\DNSAPI.dll
0x00007ff960480000 - 0x00007ff9604bb000 	C:\WINDOWS\SYSTEM32\IPHLPAPI.DLL
0x00007ff962a50000 - 0x00007ff962a58000 	C:\WINDOWS\System32\NSI.dll
0x00007ff957c90000 - 0x00007ff957c9a000 	C:\Windows\System32\rasadhlp.dll
0x00007ff950f90000 - 0x00007ff951010000 	C:\WINDOWS\System32\fwpuclnt.dll
0x00007ff9611b0000 - 0x00007ff9611d7000 	C:\WINDOWS\System32\bcrypt.dll
0x00007ff954a70000 - 0x00007ff954a78000 	C:\Program Files\Java\jdk-19\bin\extnet.dll
0x00007ff9638c0000 - 0x00007ff963969000 	C:\WINDOWS\System32\clbcatq.dll
0x00007ff95b8e0000 - 0x00007ff95ba94000 	C:\WINDOWS\SYSTEM32\WindowsCodecs.dll
0x00007ff93d930000 - 0x00007ff93d96e000 	C:\WINDOWS\system32\dataexchange.dll
0x00007ff95d020000 - 0x00007ff95d283000 	C:\WINDOWS\system32\d3d11.dll
0x00007ff95de10000 - 0x00007ff95dff3000 	C:\WINDOWS\system32\dcomp.dll
0x00007ff95f970000 - 0x00007ff95fa63000 	C:\WINDOWS\system32\dxgi.dll
0x00007ff95bae0000 - 0x00007ff95bce0000 	C:\WINDOWS\system32\twinapi.appcore.dll

dbghelp: loaded successfully - version: 4.0.5 - missing functions: none
symbol engine: initialized successfully - sym options: 0x614 - pdb path: .;C:\Program Files\Java\jdk-19\bin;C:\WINDOWS\SYSTEM32;C:\WINDOWS\WinSxS\amd64_microsoft.windows.common-controls_6595b64144ccf1df_6.0.19041.1110_none_60b5254171f9507e;C:\Program Files\Java\jdk-19\bin\server

VM Arguments:
jvm_args: -Dfile.encoding=UTF-8 --module-path=C:\Users\user\Documents\GitHub\CarDealership\build\classes 
java_command: view.Main
java_class_path (initial): C:\Users\user\Desktop\PHY201\mysql-connector-java-5.1.38-bin.jar;C:\Users\user\Desktop\PHY201\AbsoluteLayout-RELEASE170.jar;C:\Users\user\Documents\GitHub\CarDealership\build\classes
Launcher Type: SUN_STANDARD

[Global flags]
     intx CICompilerCount                          = 3                                         {product} {ergonomic}
     uint ConcGCThreads                            = 1                                         {product} {ergonomic}
     uint G1ConcRefinementThreads                  = 4                                         {product} {ergonomic}
   size_t G1HeapRegionSize                         = 1048576                                   {product} {ergonomic}
    uintx GCDrainStackTargetSize                   = 64                                        {product} {ergonomic}
   size_t InitialHeapSize                          = 134217728                                 {product} {ergonomic}
   size_t MarkStackSize                            = 4194304                                   {product} {ergonomic}
   size_t MaxHeapSize                              = 2120220672                                {product} {ergonomic}
   size_t MaxNewSize                               = 1271922688                                {product} {ergonomic}
   size_t MinHeapDeltaBytes                        = 1048576                                   {product} {ergonomic}
   size_t MinHeapSize                              = 8388608                                   {product} {ergonomic}
    uintx NonNMethodCodeHeapSize                   = 5832780                                {pd product} {ergonomic}
    uintx NonProfiledCodeHeapSize                  = 122912730                              {pd product} {ergonomic}
    uintx ProfiledCodeHeapSize                     = 122912730                              {pd product} {ergonomic}
    uintx ReservedCodeCacheSize                    = 251658240                              {pd product} {ergonomic}
     bool SegmentedCodeCache                       = true                                      {product} {ergonomic}
   size_t SoftMaxHeapSize                          = 2120220672                             {manageable} {ergonomic}
     bool UseCompressedClassPointers               = true                           {product lp64_product} {ergonomic}
     bool UseCompressedOops                        = true                           {product lp64_product} {ergonomic}
     bool UseG1GC                                  = true                                      {product} {ergonomic}
     bool UseLargePagesIndividualAllocation        = false                                  {pd product} {ergonomic}

Logging:
Log output configuration:
 #0: stdout all=warning uptime,level,tags foldmultilines=false
 #1: stderr all=off uptime,level,tags foldmultilines=false

Environment Variables:
CLASSPATH=.;
PATH=C:\Program Files\Common Files\Oracle\Java\javapath;C:\Program Files\Java\jdk1.8.0_311\bin;C:\Program Files (x86)\Common Files\Oracle\Java\javapath;C:\WINDOWS\system32;C:\WINDOWS;C:\WINDOWS\System32\Wbem;C:\WINDOWS\System32\WindowsPowerShell\v1.0\;C:\WINDOWS\System32\OpenSSH\;C:\Program Files\Intel\WiFi\bin\;C:\Program Files\Common Files\Intel\WirelessCommon\;C:\Users\user\AppData\Local\Microsoft\WindowsApps;C:\Program Files\Intel\WiFi\bin\;C:\Program Files\Common Files\Intel\WirelessCommon\;C:\modeltech64_2020.4\win64;C:\Users\user\AppData\Local\Programs\Microsoft VS Code\bin;C:\Users\user\AppData\Local\GitHubDesktop\bin
USERNAME=user
OS=Windows_NT
PROCESSOR_IDENTIFIER=Intel64 Family 6 Model 69 Stepping 1, GenuineIntel
TMP=C:\Users\user\AppData\Local\Temp
TEMP=C:\Users\user\AppData\Local\Temp



---------------  S Y S T E M  ---------------

OS:
 Windows 10 , 64 bit Build 19041 (10.0.19041.2546)
OS uptime: 0 days 10:36 hours

CPU: total 4 (initial active 4) (2 cores per cpu, 2 threads per core) family 6 model 69 stepping 1 microcode 0x25, cx8, cmov, fxsr, ht, mmx, sse, sse2, sse3, ssse3, sse4.1, sse4.2, popcnt, lzcnt, tsc, tscinvbit, avx, avx2, aes, erms, clmul, bmi1, bmi2, fma, vzeroupper, clflush, rdtscp

Memory: 4k page, system-wide physical 8080M (1290M free)
TotalPageFile size 14050M (AvailPageFile size 4M)
current process WorkingSet (physical memory assigned to process): 88M, peak: 92M
current process commit charge ("private bytes"): 229M, peak: 232M

vm_info: Java HotSpot(TM) 64-Bit Server VM (19.0.2+7-44) for windows-amd64 JRE (19.0.2+7-44), built on 2022-11-30T18:02:09Z by "mach5one" with MS VC++ 17.1 (VS2022)

END.
